{"/mnt/d/Code/HK3_Y2/ShopCart_FE_BE/frontend/src/App.css": {"path":"/mnt/d/Code/HK3_Y2/ShopCart_FE_BE/frontend/src/App.css","statementMap":{},"fnMap":{},"branchMap":{},"s":{},"f":{},"b":{},"meta":{"lastBranch":0,"lastFunction":0,"lastStatement":0,"seen":{}}}
,"/mnt/d/Code/HK3_Y2/ShopCart_FE_BE/frontend/src/App.tsx": {"path":"/mnt/d/Code/HK3_Y2/ShopCart_FE_BE/frontend/src/App.tsx","statementMap":{"0":{"start":{"line":9,"column":4},"end":{"line":11,"column":null}},"1":{"start":{"line":12,"column":15},"end":{"line":12,"column":65}},"2":{"start":{"line":13,"column":17},"end":{"line":13,"column":59}},"3":{"start":{"line":14,"column":20},"end":{"line":14,"column":47}},"4":{"start":{"line":15,"column":17},"end":{"line":15,"column":null}},"5":{"start":{"line":17,"column":2},"end":{"line":19,"column":null}},"6":{"start":{"line":18,"column":4},"end":{"line":18,"column":null}},"7":{"start":{"line":21,"column":2},"end":{"line":41,"column":null}},"8":{"start":{"line":22,"column":17},"end":{"line":22,"column":null}},"9":{"start":{"line":23,"column":4},"end":{"line":36,"column":null}},"10":{"start":{"line":26,"column":8},"end":{"line":27,"column":null}},"11":{"start":{"line":27,"column":10},"end":{"line":27,"column":null}},"12":{"start":{"line":29,"column":22},"end":{"line":29,"column":74}},"13":{"start":{"line":30,"column":8},"end":{"line":30,"column":null}},"14":{"start":{"line":30,"column":49},"end":{"line":30,"column":70}},"15":{"start":{"line":33,"column":8},"end":{"line":34,"column":null}},"16":{"start":{"line":34,"column":10},"end":{"line":34,"column":null}},"17":{"start":{"line":38,"column":4},"end":{"line":39,"column":null}},"18":{"start":{"line":39,"column":6},"end":{"line":39,"column":null}},"19":{"start":{"line":43,"column":26},"end":{"line":52,"column":null}},"20":{"start":{"line":44,"column":4},"end":{"line":52,"column":null}},"21":{"start":{"line":45,"column":23},"end":{"line":45,"column":79}},"22":{"start":{"line":46,"column":24},"end":{"line":46,"column":null}},"23":{"start":{"line":47,"column":6},"end":{"line":47,"column":null}},"24":{"start":{"line":48,"column":6},"end":{"line":48,"column":null}},"25":{"start":{"line":49,"column":6},"end":{"line":49,"column":null}},"26":{"start":{"line":51,"column":6},"end":{"line":51,"column":null}},"27":{"start":{"line":52,"column":6},"end":{"line":52,"column":null}},"28":{"start":{"line":56,"column":2},"end":{"line":83,"column":null}},"29":{"start":{"line":62,"column":25},"end":{"line":62,"column":44}},"30":{"start":{"line":69,"column":25},"end":{"line":69,"column":40}}},"fnMap":{"0":{"name":"App","decl":{"start":{"line":7,"column":9},"end":{"line":7,"column":15}},"loc":{"start":{"line":7,"column":15},"end":{"line":83,"column":null}},"line":7},"1":{"name":"(anonymous_1)","decl":{"start":{"line":17,"column":2},"end":{"line":17,"column":18}},"loc":{"start":{"line":17,"column":18},"end":{"line":19,"column":6}},"line":17},"2":{"name":"(anonymous_2)","decl":{"start":{"line":21,"column":2},"end":{"line":21,"column":18}},"loc":{"start":{"line":21,"column":18},"end":{"line":41,"column":6}},"line":21},"3":{"name":"(anonymous_3)","decl":{"start":{"line":25,"column":7},"end":{"line":25,"column":13}},"loc":{"start":{"line":25,"column":26},"end":{"line":31,"column":null}},"line":25},"4":{"name":"(anonymous_4)","decl":{"start":{"line":30,"column":27},"end":{"line":30,"column":35}},"loc":{"start":{"line":30,"column":49},"end":{"line":30,"column":70}},"line":30},"5":{"name":"(anonymous_5)","decl":{"start":{"line":32,"column":7},"end":{"line":32,"column":19}},"loc":{"start":{"line":32,"column":19},"end":{"line":36,"column":null}},"line":32},"6":{"name":"(anonymous_6)","decl":{"start":{"line":38,"column":4},"end":{"line":38,"column":17}},"loc":{"start":{"line":38,"column":17},"end":{"line":39,"column":null}},"line":38},"7":{"name":"(anonymous_7)","decl":{"start":{"line":43,"column":26},"end":{"line":43,"column":33}},"loc":{"start":{"line":43,"column":73},"end":{"line":52,"column":null}},"line":43},"8":{"name":"(anonymous_8)","decl":{"start":{"line":62,"column":10},"end":{"line":62,"column":25}},"loc":{"start":{"line":62,"column":25},"end":{"line":62,"column":44}},"line":62},"9":{"name":"(anonymous_9)","decl":{"start":{"line":69,"column":10},"end":{"line":69,"column":25}},"loc":{"start":{"line":69,"column":25},"end":{"line":69,"column":40}},"line":69}},"branchMap":{"0":{"loc":{"start":{"line":9,"column":4},"end":{"line":11,"column":null}},"type":"cond-expr","locations":[{"start":{"line":10,"column":8},"end":{"line":10,"column":null}},{"start":{"line":11,"column":8},"end":{"line":11,"column":null}}],"line":9},"1":{"loc":{"start":{"line":9,"column":4},"end":{"line":9,"column":94}},"type":"binary-expr","locations":[{"start":{"line":9,"column":4},"end":{"line":9,"column":45}},{"start":{"line":9,"column":49},"end":{"line":9,"column":94}}],"line":9},"2":{"loc":{"start":{"line":18,"column":42},"end":{"line":18,"column":74}},"type":"cond-expr","locations":[{"start":{"line":18,"column":60},"end":{"line":18,"column":70}},{"start":{"line":18,"column":70},"end":{"line":18,"column":74}}],"line":18},"3":{"loc":{"start":{"line":26,"column":8},"end":{"line":27,"column":null}},"type":"if","locations":[{"start":{"line":26,"column":8},"end":{"line":27,"column":null}},{"start":{},"end":{}}],"line":26},"4":{"loc":{"start":{"line":29,"column":22},"end":{"line":29,"column":74}},"type":"cond-expr","locations":[{"start":{"line":29,"column":55},"end":{"line":29,"column":72}},{"start":{"line":29,"column":72},"end":{"line":29,"column":74}}],"line":29},"5":{"loc":{"start":{"line":33,"column":8},"end":{"line":34,"column":null}},"type":"if","locations":[{"start":{"line":33,"column":8},"end":{"line":34,"column":null}},{"start":{},"end":{}}],"line":33},"6":{"loc":{"start":{"line":46,"column":24},"end":{"line":46,"column":null}},"type":"binary-expr","locations":[{"start":{"line":46,"column":24},"end":{"line":46,"column":47}},{"start":{"line":46,"column":47},"end":{"line":46,"column":70}},{"start":{"line":46,"column":70},"end":{"line":46,"column":null}}],"line":46},"7":{"loc":{"start":{"line":61,"column":21},"end":{"line":61,"column":null}},"type":"cond-expr","locations":[{"start":{"line":61,"column":43},"end":{"line":61,"column":54}},{"start":{"line":61,"column":54},"end":{"line":61,"column":null}}],"line":61},"8":{"loc":{"start":{"line":68,"column":21},"end":{"line":68,"column":null}},"type":"cond-expr","locations":[{"start":{"line":68,"column":39},"end":{"line":68,"column":50}},{"start":{"line":68,"column":50},"end":{"line":68,"column":null}}],"line":68},"9":{"loc":{"start":{"line":72,"column":11},"end":{"line":75,"column":null}},"type":"binary-expr","locations":[{"start":{"line":72,"column":11},"end":{"line":72,"column":null}},{"start":{"line":73,"column":12},"end":{"line":75,"column":null}}],"line":72},"10":{"loc":{"start":{"line":81,"column":9},"end":{"line":81,"column":null}},"type":"binary-expr","locations":[{"start":{"line":81,"column":9},"end":{"line":81,"column":19}},{"start":{"line":81,"column":19},"end":{"line":81,"column":null}}],"line":81},"11":{"loc":{"start":{"line":82,"column":9},"end":{"line":82,"column":null}},"type":"binary-expr","locations":[{"start":{"line":82,"column":9},"end":{"line":82,"column":32}},{"start":{"line":82,"column":32},"end":{"line":82,"column":null}}],"line":82},"12":{"loc":{"start":{"line":83,"column":9},"end":{"line":83,"column":null}},"type":"binary-expr","locations":[{"start":{"line":83,"column":9},"end":{"line":83,"column":28}},{"start":{"line":83,"column":28},"end":{"line":83,"column":null}}],"line":83}},"s":{"0":33,"1":33,"2":33,"3":33,"4":33,"5":33,"6":18,"7":33,"8":9,"9":9,"10":9,"11":0,"12":9,"13":9,"14":9,"15":0,"16":0,"17":9,"18":9,"19":33,"20":8,"21":8,"22":7,"23":8,"24":8,"25":8,"26":1,"27":1,"28":33,"29":1,"30":1},"f":{"0":33,"1":18,"2":9,"3":9,"4":9,"5":0,"6":9,"7":8,"8":1,"9":1},"b":{"0":[6,27],"1":[33,27],"2":[8,10],"3":[0,9],"4":[9,0],"5":[0,0],"6":[7,2,1],"7":[20,13],"8":[13,20],"9":[33,24],"10":[33,13],"11":[33,20],"12":[33,13]},"meta":{"lastBranch":13,"lastFunction":10,"lastStatement":31,"seen":{"f:7:9:7:15":0,"s:9:4:11:Infinity":0,"b:10:8:10:Infinity:11:8:11:Infinity":0,"b:9:4:9:45:9:49:9:94":1,"s:12:15:12:65":1,"s:13:17:13:59":2,"s:14:20:14:47":3,"s:15:17:15:Infinity":4,"s:17:2:19:Infinity":5,"f:17:2:17:18":1,"s:18:4:18:Infinity":6,"b:18:60:18:70:18:70:18:74":2,"s:21:2:41:Infinity":7,"f:21:2:21:18":2,"s:22:17:22:Infinity":8,"s:23:4:36:Infinity":9,"f:25:7:25:13":3,"b:26:8:27:Infinity:undefined:undefined:undefined:undefined":3,"s:26:8:27:Infinity":10,"s:27:10:27:Infinity":11,"s:29:22:29:74":12,"b:29:55:29:72:29:72:29:74":4,"s:30:8:30:Infinity":13,"f:30:27:30:35":4,"s:30:49:30:70":14,"f:32:7:32:19":5,"b:33:8:34:Infinity:undefined:undefined:undefined:undefined":5,"s:33:8:34:Infinity":15,"s:34:10:34:Infinity":16,"s:38:4:39:Infinity":17,"f:38:4:38:17":6,"s:39:6:39:Infinity":18,"s:43:26:52:Infinity":19,"f:43:26:43:33":7,"s:44:4:52:Infinity":20,"s:45:23:45:79":21,"s:46:24:46:Infinity":22,"b:46:24:46:47:46:47:46:70:46:70:46:Infinity":6,"s:47:6:47:Infinity":23,"s:48:6:48:Infinity":24,"s:49:6:49:Infinity":25,"s:51:6:51:Infinity":26,"s:52:6:52:Infinity":27,"s:56:2:83:Infinity":28,"b:61:43:61:54:61:54:61:Infinity":7,"f:62:10:62:25":8,"s:62:25:62:44":29,"b:68:39:68:50:68:50:68:Infinity":8,"f:69:10:69:25":9,"s:69:25:69:40":30,"b:72:11:72:Infinity:73:12:75:Infinity":9,"b:81:9:81:19:81:19:81:Infinity":10,"b:82:9:82:32:82:32:82:Infinity":11,"b:83:9:83:28:83:28:83:Infinity":12}}}
,"/mnt/d/Code/HK3_Y2/ShopCart_FE_BE/frontend/src/components/CartComponent.tsx": {"path":"/mnt/d/Code/HK3_Y2/ShopCart_FE_BE/frontend/src/components/CartComponent.tsx","statementMap":{"0":{"start":{"line":5,"column":50},"end":{"line":9,"column":null}},"1":{"start":{"line":11,"column":6},"end":{"line":11,"column":83}},"2":{"start":{"line":11,"column":39},"end":{"line":11,"column":83}},"3":{"start":{"line":13,"column":6},"end":{"line":28,"column":null}},"4":{"start":{"line":14,"column":2},"end":{"line":26,"column":null}},"5":{"start":{"line":26,"column":4},"end":{"line":26,"column":null}},"6":{"start":{"line":28,"column":2},"end":{"line":28,"column":null}},"7":{"start":{"line":37,"column":16},"end":{"line":37,"column":73}},"8":{"start":{"line":38,"column":20},"end":{"line":38,"column":65}},"9":{"start":{"line":39,"column":22},"end":{"line":39,"column":69}},"10":{"start":{"line":40,"column":21},"end":{"line":40,"column":50}},"11":{"start":{"line":41,"column":24},"end":{"line":41,"column":78}},"12":{"start":{"line":42,"column":26},"end":{"line":42,"column":60}},"13":{"start":{"line":43,"column":23},"end":{"line":43,"column":71}},"14":{"start":{"line":45,"column":8},"end":{"line":47,"column":null}},"15":{"start":{"line":46,"column":4},"end":{"line":46,"column":null}},"16":{"start":{"line":47,"column":4},"end":{"line":47,"column":null}},"17":{"start":{"line":47,"column":56},"end":{"line":47,"column":77}},"18":{"start":{"line":50,"column":2},"end":{"line":73,"column":null}},"19":{"start":{"line":51,"column":17},"end":{"line":51,"column":null}},"20":{"start":{"line":52,"column":4},"end":{"line":68,"column":null}},"21":{"start":{"line":55,"column":8},"end":{"line":56,"column":null}},"22":{"start":{"line":56,"column":10},"end":{"line":56,"column":null}},"23":{"start":{"line":58,"column":26},"end":{"line":58,"column":77}},"24":{"start":{"line":59,"column":8},"end":{"line":59,"column":null}},"25":{"start":{"line":60,"column":8},"end":{"line":60,"column":null}},"26":{"start":{"line":63,"column":8},"end":{"line":64,"column":null}},"27":{"start":{"line":64,"column":10},"end":{"line":64,"column":null}},"28":{"start":{"line":66,"column":8},"end":{"line":66,"column":null}},"29":{"start":{"line":67,"column":8},"end":{"line":67,"column":null}},"30":{"start":{"line":70,"column":4},"end":{"line":71,"column":null}},"31":{"start":{"line":71,"column":6},"end":{"line":71,"column":null}},"32":{"start":{"line":75,"column":22},"end":{"line":75,"column":null}},"33":{"start":{"line":76,"column":8},"end":{"line":78,"column":null}},"34":{"start":{"line":76,"column":16},"end":{"line":77,"column":70}},"35":{"start":{"line":81,"column":2},"end":{"line":82,"column":null}},"36":{"start":{"line":82,"column":4},"end":{"line":82,"column":null}},"37":{"start":{"line":85,"column":2},"end":{"line":86,"column":null}},"38":{"start":{"line":86,"column":4},"end":{"line":86,"column":null}},"39":{"start":{"line":89,"column":2},"end":{"line":99,"column":null}},"40":{"start":{"line":90,"column":4},"end":{"line":99,"column":null}},"41":{"start":{"line":104,"column":8},"end":{"line":111,"column":null}},"42":{"start":{"line":105,"column":4},"end":{"line":105,"column":null}},"43":{"start":{"line":106,"column":4},"end":{"line":111,"column":null}},"44":{"start":{"line":108,"column":26},"end":{"line":108,"column":88}},"45":{"start":{"line":110,"column":8},"end":{"line":110,"column":null}},"46":{"start":{"line":114,"column":8},"end":{"line":126,"column":null}},"47":{"start":{"line":115,"column":21},"end":{"line":115,"column":47}},"48":{"start":{"line":116,"column":4},"end":{"line":118,"column":null}},"49":{"start":{"line":117,"column":6},"end":{"line":117,"column":null}},"50":{"start":{"line":118,"column":6},"end":{"line":118,"column":null}},"51":{"start":{"line":120,"column":4},"end":{"line":120,"column":null}},"52":{"start":{"line":121,"column":4},"end":{"line":126,"column":null}},"53":{"start":{"line":123,"column":26},"end":{"line":123,"column":88}},"54":{"start":{"line":125,"column":8},"end":{"line":125,"column":null}},"55":{"start":{"line":129,"column":8},"end":{"line":139,"column":null}},"56":{"start":{"line":130,"column":23},"end":{"line":130,"column":54}},"57":{"start":{"line":131,"column":19},"end":{"line":131,"column":null}},"58":{"start":{"line":132,"column":4},"end":{"line":135,"column":null}},"59":{"start":{"line":133,"column":6},"end":{"line":133,"column":null}},"60":{"start":{"line":134,"column":6},"end":{"line":134,"column":null}},"61":{"start":{"line":135,"column":6},"end":{"line":135,"column":null}},"62":{"start":{"line":137,"column":4},"end":{"line":137,"column":null}},"63":{"start":{"line":138,"column":4},"end":{"line":138,"column":null}},"64":{"start":{"line":139,"column":4},"end":{"line":139,"column":null}},"65":{"start":{"line":142,"column":25},"end":{"line":171,"column":null}},"66":{"start":{"line":143,"column":4},"end":{"line":143,"column":null}},"67":{"start":{"line":144,"column":4},"end":{"line":146,"column":null}},"68":{"start":{"line":145,"column":6},"end":{"line":145,"column":null}},"69":{"start":{"line":146,"column":6},"end":{"line":146,"column":null}},"70":{"start":{"line":149,"column":4},"end":{"line":171,"column":null}},"71":{"start":{"line":150,"column":28},"end":{"line":150,"column":38}},"72":{"start":{"line":151,"column":20},"end":{"line":158,"column":8}},"73":{"start":{"line":160,"column":6},"end":{"line":162,"column":null}},"74":{"start":{"line":161,"column":36},"end":{"line":161,"column":86}},"75":{"start":{"line":164,"column":6},"end":{"line":164,"column":null}},"76":{"start":{"line":165,"column":6},"end":{"line":165,"column":null}},"77":{"start":{"line":166,"column":6},"end":{"line":166,"column":null}},"78":{"start":{"line":167,"column":6},"end":{"line":167,"column":null}},"79":{"start":{"line":168,"column":6},"end":{"line":168,"column":null}},"80":{"start":{"line":169,"column":6},"end":{"line":169,"column":null}},"81":{"start":{"line":171,"column":6},"end":{"line":171,"column":null}},"82":{"start":{"line":175,"column":2},"end":{"line":270,"column":null}},"83":{"start":{"line":185,"column":12},"end":{"line":204,"column":null}},"84":{"start":{"line":196,"column":37},"end":{"line":196,"column":null}},"85":{"start":{"line":200,"column":31},"end":{"line":200,"column":59}},"86":{"start":{"line":238,"column":35},"end":{"line":238,"column":null}},"87":{"start":{"line":249,"column":33},"end":{"line":249,"column":null}}},"fnMap":{"0":{"name":"(anonymous_0)","decl":{"start":{"line":11,"column":6},"end":{"line":11,"column":21}},"loc":{"start":{"line":11,"column":39},"end":{"line":11,"column":83}},"line":11},"1":{"name":"(anonymous_1)","decl":{"start":{"line":13,"column":6},"end":{"line":13,"column":25}},"loc":{"start":{"line":13,"column":62},"end":{"line":28,"column":null}},"line":13},"2":{"name":"CartComponent","decl":{"start":{"line":36,"column":24},"end":{"line":36,"column":38}},"loc":{"start":{"line":36,"column":89},"end":{"line":270,"column":null}},"line":36},"3":{"name":"(anonymous_3)","decl":{"start":{"line":45,"column":8},"end":{"line":45,"column":21}},"loc":{"start":{"line":45,"column":59},"end":{"line":47,"column":null}},"line":45},"4":{"name":"(anonymous_4)","decl":{"start":{"line":47,"column":34},"end":{"line":47,"column":42}},"loc":{"start":{"line":47,"column":56},"end":{"line":47,"column":77}},"line":47},"5":{"name":"(anonymous_5)","decl":{"start":{"line":50,"column":2},"end":{"line":50,"column":18}},"loc":{"start":{"line":50,"column":18},"end":{"line":73,"column":6}},"line":50},"6":{"name":"(anonymous_6)","decl":{"start":{"line":54,"column":7},"end":{"line":54,"column":13}},"loc":{"start":{"line":54,"column":26},"end":{"line":61,"column":null}},"line":54},"7":{"name":"(anonymous_7)","decl":{"start":{"line":62,"column":7},"end":{"line":62,"column":19}},"loc":{"start":{"line":62,"column":19},"end":{"line":68,"column":null}},"line":62},"8":{"name":"(anonymous_8)","decl":{"start":{"line":70,"column":4},"end":{"line":70,"column":17}},"loc":{"start":{"line":70,"column":17},"end":{"line":71,"column":null}},"line":70},"9":{"name":"(anonymous_9)","decl":{"start":{"line":76,"column":16},"end":{"line":76,"column":null}},"loc":{"start":{"line":76,"column":16},"end":{"line":77,"column":70}},"line":76},"10":{"name":"(anonymous_10)","decl":{"start":{"line":104,"column":8},"end":{"line":104,"column":24}},"loc":{"start":{"line":104,"column":46},"end":{"line":111,"column":null}},"line":104},"11":{"name":"(anonymous_11)","decl":{"start":{"line":108,"column":7},"end":{"line":108,"column":13}},"loc":{"start":{"line":108,"column":26},"end":{"line":108,"column":88}},"line":108},"12":{"name":"(anonymous_12)","decl":{"start":{"line":109,"column":7},"end":{"line":109,"column":14}},"loc":{"start":{"line":109,"column":24},"end":{"line":111,"column":null}},"line":109},"13":{"name":"(anonymous_13)","decl":{"start":{"line":114,"column":8},"end":{"line":114,"column":24}},"loc":{"start":{"line":114,"column":61},"end":{"line":126,"column":null}},"line":114},"14":{"name":"(anonymous_14)","decl":{"start":{"line":123,"column":7},"end":{"line":123,"column":13}},"loc":{"start":{"line":123,"column":26},"end":{"line":123,"column":88}},"line":123},"15":{"name":"(anonymous_15)","decl":{"start":{"line":124,"column":7},"end":{"line":124,"column":14}},"loc":{"start":{"line":124,"column":24},"end":{"line":126,"column":null}},"line":124},"16":{"name":"(anonymous_16)","decl":{"start":{"line":129,"column":8},"end":{"line":129,"column":34}},"loc":{"start":{"line":129,"column":34},"end":{"line":139,"column":null}},"line":129},"17":{"name":"(anonymous_17)","decl":{"start":{"line":142,"column":25},"end":{"line":142,"column":37}},"loc":{"start":{"line":142,"column":37},"end":{"line":171,"column":null}},"line":142},"18":{"name":"(anonymous_18)","decl":{"start":{"line":161,"column":22},"end":{"line":161,"column":27}},"loc":{"start":{"line":161,"column":36},"end":{"line":161,"column":86}},"line":161},"19":{"name":"(anonymous_19)","decl":{"start":{"line":184,"column":17},"end":{"line":184,"column":22}},"loc":{"start":{"line":185,"column":12},"end":{"line":204,"column":null}},"line":185},"20":{"name":"(anonymous_20)","decl":{"start":{"line":196,"column":16},"end":{"line":196,"column":27}},"loc":{"start":{"line":196,"column":37},"end":{"line":196,"column":null}},"line":196},"21":{"name":"(anonymous_21)","decl":{"start":{"line":200,"column":16},"end":{"line":200,"column":31}},"loc":{"start":{"line":200,"column":31},"end":{"line":200,"column":59}},"line":200},"22":{"name":"(anonymous_22)","decl":{"start":{"line":238,"column":14},"end":{"line":238,"column":25}},"loc":{"start":{"line":238,"column":35},"end":{"line":238,"column":null}},"line":238},"23":{"name":"(anonymous_23)","decl":{"start":{"line":249,"column":12},"end":{"line":249,"column":23}},"loc":{"start":{"line":249,"column":33},"end":{"line":249,"column":null}},"line":249}},"branchMap":{"0":{"loc":{"start":{"line":14,"column":2},"end":{"line":26,"column":null}},"type":"if","locations":[{"start":{"line":14,"column":2},"end":{"line":26,"column":null}},{"start":{},"end":{}}],"line":14},"1":{"loc":{"start":{"line":15,"column":4},"end":{"line":24,"column":null}},"type":"binary-expr","locations":[{"start":{"line":15,"column":4},"end":{"line":15,"column":null}},{"start":{"line":16,"column":4},"end":{"line":16,"column":null}},{"start":{"line":17,"column":4},"end":{"line":17,"column":null}},{"start":{"line":18,"column":4},"end":{"line":18,"column":null}},{"start":{"line":19,"column":4},"end":{"line":19,"column":null}},{"start":{"line":20,"column":4},"end":{"line":20,"column":null}},{"start":{"line":21,"column":4},"end":{"line":21,"column":null}},{"start":{"line":22,"column":4},"end":{"line":22,"column":null}},{"start":{"line":23,"column":4},"end":{"line":23,"column":null}},{"start":{"line":24,"column":4},"end":{"line":24,"column":null}}],"line":15},"2":{"loc":{"start":{"line":55,"column":8},"end":{"line":56,"column":null}},"type":"if","locations":[{"start":{"line":55,"column":8},"end":{"line":56,"column":null}},{"start":{},"end":{}}],"line":55},"3":{"loc":{"start":{"line":58,"column":26},"end":{"line":58,"column":77}},"type":"cond-expr","locations":[{"start":{"line":58,"column":58},"end":{"line":58,"column":75}},{"start":{"line":58,"column":75},"end":{"line":58,"column":77}}],"line":58},"4":{"loc":{"start":{"line":63,"column":8},"end":{"line":64,"column":null}},"type":"if","locations":[{"start":{"line":63,"column":8},"end":{"line":64,"column":null}},{"start":{},"end":{}}],"line":63},"5":{"loc":{"start":{"line":75,"column":22},"end":{"line":75,"column":null}},"type":"cond-expr","locations":[{"start":{"line":75,"column":50},"end":{"line":75,"column":58}},{"start":{"line":75,"column":58},"end":{"line":75,"column":null}}],"line":75},"6":{"loc":{"start":{"line":75,"column":22},"end":{"line":75,"column":50}},"type":"binary-expr","locations":[{"start":{"line":75,"column":22},"end":{"line":75,"column":31}},{"start":{"line":75,"column":31},"end":{"line":75,"column":50}}],"line":75},"7":{"loc":{"start":{"line":77,"column":30},"end":{"line":77,"column":41}},"type":"binary-expr","locations":[{"start":{"line":77,"column":30},"end":{"line":77,"column":39}},{"start":{"line":77,"column":39},"end":{"line":77,"column":41}}],"line":77},"8":{"loc":{"start":{"line":81,"column":2},"end":{"line":82,"column":null}},"type":"if","locations":[{"start":{"line":81,"column":2},"end":{"line":82,"column":null}},{"start":{},"end":{}}],"line":81},"9":{"loc":{"start":{"line":85,"column":2},"end":{"line":86,"column":null}},"type":"if","locations":[{"start":{"line":85,"column":2},"end":{"line":86,"column":null}},{"start":{},"end":{}}],"line":85},"10":{"loc":{"start":{"line":89,"column":2},"end":{"line":99,"column":null}},"type":"if","locations":[{"start":{"line":89,"column":2},"end":{"line":99,"column":null}},{"start":{},"end":{}}],"line":89},"11":{"loc":{"start":{"line":92,"column":9},"end":{"line":97,"column":9}},"type":"binary-expr","locations":[{"start":{"line":92,"column":9},"end":{"line":92,"column":null}},{"start":{"line":93,"column":10},"end":{"line":97,"column":9}}],"line":92},"12":{"loc":{"start":{"line":108,"column":36},"end":{"line":108,"column":87}},"type":"cond-expr","locations":[{"start":{"line":108,"column":68},"end":{"line":108,"column":85}},{"start":{"line":108,"column":85},"end":{"line":108,"column":87}}],"line":108},"13":{"loc":{"start":{"line":115,"column":30},"end":{"line":115,"column":44}},"type":"binary-expr","locations":[{"start":{"line":115,"column":30},"end":{"line":115,"column":39}},{"start":{"line":115,"column":39},"end":{"line":115,"column":44}}],"line":115},"14":{"loc":{"start":{"line":116,"column":4},"end":{"line":118,"column":null}},"type":"if","locations":[{"start":{"line":116,"column":4},"end":{"line":118,"column":null}},{"start":{},"end":{}}],"line":116},"15":{"loc":{"start":{"line":116,"column":8},"end":{"line":116,"column":53}},"type":"binary-expr","locations":[{"start":{"line":116,"column":8},"end":{"line":116,"column":35}},{"start":{"line":116,"column":39},"end":{"line":116,"column":53}}],"line":116},"16":{"loc":{"start":{"line":123,"column":36},"end":{"line":123,"column":87}},"type":"cond-expr","locations":[{"start":{"line":123,"column":68},"end":{"line":123,"column":85}},{"start":{"line":123,"column":85},"end":{"line":123,"column":87}}],"line":123},"17":{"loc":{"start":{"line":132,"column":4},"end":{"line":135,"column":null}},"type":"if","locations":[{"start":{"line":132,"column":4},"end":{"line":135,"column":null}},{"start":{},"end":{}}],"line":132},"18":{"loc":{"start":{"line":144,"column":4},"end":{"line":146,"column":null}},"type":"if","locations":[{"start":{"line":144,"column":4},"end":{"line":146,"column":null}},{"start":{},"end":{}}],"line":144},"19":{"loc":{"start":{"line":262,"column":11},"end":{"line":265,"column":null}},"type":"binary-expr","locations":[{"start":{"line":262,"column":11},"end":{"line":262,"column":null}},{"start":{"line":263,"column":12},"end":{"line":265,"column":null}}],"line":262},"20":{"loc":{"start":{"line":267,"column":11},"end":{"line":270,"column":null}},"type":"binary-expr","locations":[{"start":{"line":267,"column":11},"end":{"line":267,"column":null}},{"start":{"line":268,"column":12},"end":{"line":270,"column":null}}],"line":267}},"s":{"0":2,"1":2,"2":239,"3":2,"4":2,"5":1,"6":1,"7":66,"8":66,"9":66,"10":66,"11":66,"12":66,"13":66,"14":66,"15":26,"16":26,"17":7,"18":66,"19":24,"20":24,"21":22,"22":2,"23":20,"24":22,"25":22,"26":2,"27":1,"28":1,"29":1,"30":24,"31":24,"32":66,"33":66,"34":49,"35":66,"36":1,"37":65,"38":24,"39":41,"40":7,"41":34,"42":2,"43":2,"44":2,"45":0,"46":34,"47":5,"48":5,"49":2,"50":2,"51":3,"52":3,"53":2,"54":1,"55":34,"56":2,"57":2,"58":2,"59":1,"60":1,"61":1,"62":1,"63":1,"64":1,"65":34,"66":3,"67":3,"68":1,"69":1,"70":2,"71":2,"72":2,"73":1,"74":1,"75":1,"76":1,"77":1,"78":1,"79":1,"80":1,"81":1,"82":34,"83":35,"84":5,"85":2,"86":2,"87":2},"f":{"0":239,"1":2,"2":66,"3":26,"4":7,"5":24,"6":22,"7":2,"8":24,"9":49,"10":2,"11":2,"12":0,"13":5,"14":2,"15":1,"16":2,"17":3,"18":1,"19":35,"20":5,"21":2,"22":2,"23":2},"b":{"0":[1,1],"1":[2,2,2,1,1,1,1,1,1,1],"2":[2,20],"3":[19,1],"4":[1,1],"5":[34,32],"6":[66,42],"7":[49,24],"8":[1,65],"9":[24,41],"10":[7,34],"11":[7,1],"12":[1,1],"13":[5,1],"14":[2,3],"15":[5,5],"16":[1,1],"17":[1,1],"18":[1,2],"19":[34,10],"20":[66,0]},"meta":{"lastBranch":21,"lastFunction":24,"lastStatement":88,"seen":{"s:5:50:9:Infinity":0,"s:11:6:11:83":1,"f:11:6:11:21":0,"s:11:39:11:83":2,"s:13:6:28:Infinity":3,"f:13:6:13:25":1,"b:14:2:26:Infinity:undefined:undefined:undefined:undefined":0,"s:14:2:26:Infinity":4,"b:15:4:15:Infinity:16:4:16:Infinity:17:4:17:Infinity:18:4:18:Infinity:19:4:19:Infinity:20:4:20:Infinity:21:4:21:Infinity:22:4:22:Infinity:23:4:23:Infinity:24:4:24:Infinity":1,"s:26:4:26:Infinity":5,"s:28:2:28:Infinity":6,"f:36:24:36:38":2,"s:37:16:37:73":7,"s:38:20:38:65":8,"s:39:22:39:69":9,"s:40:21:40:50":10,"s:41:24:41:78":11,"s:42:26:42:60":12,"s:43:23:43:71":13,"s:45:8:47:Infinity":14,"f:45:8:45:21":3,"s:46:4:46:Infinity":15,"s:47:4:47:Infinity":16,"f:47:34:47:42":4,"s:47:56:47:77":17,"s:50:2:73:Infinity":18,"f:50:2:50:18":5,"s:51:17:51:Infinity":19,"s:52:4:68:Infinity":20,"f:54:7:54:13":6,"b:55:8:56:Infinity:undefined:undefined:undefined:undefined":2,"s:55:8:56:Infinity":21,"s:56:10:56:Infinity":22,"s:58:26:58:77":23,"b:58:58:58:75:58:75:58:77":3,"s:59:8:59:Infinity":24,"s:60:8:60:Infinity":25,"f:62:7:62:19":7,"b:63:8:64:Infinity:undefined:undefined:undefined:undefined":4,"s:63:8:64:Infinity":26,"s:64:10:64:Infinity":27,"s:66:8:66:Infinity":28,"s:67:8:67:Infinity":29,"s:70:4:71:Infinity":30,"f:70:4:70:17":8,"s:71:6:71:Infinity":31,"s:75:22:75:Infinity":32,"b:75:50:75:58:75:58:75:Infinity":5,"b:75:22:75:31:75:31:75:50":6,"s:76:8:78:Infinity":33,"f:76:16:76:Infinity":9,"s:76:16:77:70":34,"b:77:30:77:39:77:39:77:41":7,"b:81:2:82:Infinity:undefined:undefined:undefined:undefined":8,"s:81:2:82:Infinity":35,"s:82:4:82:Infinity":36,"b:85:2:86:Infinity:undefined:undefined:undefined:undefined":9,"s:85:2:86:Infinity":37,"s:86:4:86:Infinity":38,"b:89:2:99:Infinity:undefined:undefined:undefined:undefined":10,"s:89:2:99:Infinity":39,"s:90:4:99:Infinity":40,"b:92:9:92:Infinity:93:10:97:9":11,"s:104:8:111:Infinity":41,"f:104:8:104:24":10,"s:105:4:105:Infinity":42,"s:106:4:111:Infinity":43,"f:108:7:108:13":11,"s:108:26:108:88":44,"b:108:68:108:85:108:85:108:87":12,"f:109:7:109:14":12,"s:110:8:110:Infinity":45,"s:114:8:126:Infinity":46,"f:114:8:114:24":13,"s:115:21:115:47":47,"b:115:30:115:39:115:39:115:44":13,"b:116:4:118:Infinity:undefined:undefined:undefined:undefined":14,"s:116:4:118:Infinity":48,"b:116:8:116:35:116:39:116:53":15,"s:117:6:117:Infinity":49,"s:118:6:118:Infinity":50,"s:120:4:120:Infinity":51,"s:121:4:126:Infinity":52,"f:123:7:123:13":14,"s:123:26:123:88":53,"b:123:68:123:85:123:85:123:87":16,"f:124:7:124:14":15,"s:125:8:125:Infinity":54,"s:129:8:139:Infinity":55,"f:129:8:129:34":16,"s:130:23:130:54":56,"s:131:19:131:Infinity":57,"b:132:4:135:Infinity:undefined:undefined:undefined:undefined":17,"s:132:4:135:Infinity":58,"s:133:6:133:Infinity":59,"s:134:6:134:Infinity":60,"s:135:6:135:Infinity":61,"s:137:4:137:Infinity":62,"s:138:4:138:Infinity":63,"s:139:4:139:Infinity":64,"s:142:25:171:Infinity":65,"f:142:25:142:37":17,"s:143:4:143:Infinity":66,"b:144:4:146:Infinity:undefined:undefined:undefined:undefined":18,"s:144:4:146:Infinity":67,"s:145:6:145:Infinity":68,"s:146:6:146:Infinity":69,"s:149:4:171:Infinity":70,"s:150:28:150:38":71,"s:151:20:158:8":72,"s:160:6:162:Infinity":73,"f:161:22:161:27":18,"s:161:36:161:86":74,"s:164:6:164:Infinity":75,"s:165:6:165:Infinity":76,"s:166:6:166:Infinity":77,"s:167:6:167:Infinity":78,"s:168:6:168:Infinity":79,"s:169:6:169:Infinity":80,"s:171:6:171:Infinity":81,"s:175:2:270:Infinity":82,"f:184:17:184:22":19,"s:185:12:204:Infinity":83,"f:196:16:196:27":20,"s:196:37:196:Infinity":84,"f:200:16:200:31":21,"s:200:31:200:59":85,"f:238:14:238:25":22,"s:238:35:238:Infinity":86,"f:249:12:249:23":23,"s:249:33:249:Infinity":87,"b:262:11:262:Infinity:263:12:265:Infinity":19,"b:267:11:267:Infinity:268:12:270:Infinity":20}}}
,"/mnt/d/Code/HK3_Y2/ShopCart_FE_BE/frontend/src/components/CheckoutPage.tsx": {"path":"/mnt/d/Code/HK3_Y2/ShopCart_FE_BE/frontend/src/components/CheckoutPage.tsx","statementMap":{"0":{"start":{"line":28,"column":6},"end":{"line":28,"column":83}},"1":{"start":{"line":28,"column":39},"end":{"line":28,"column":83}},"2":{"start":{"line":31,"column":8},"end":{"line":33,"column":null}},"3":{"start":{"line":32,"column":10},"end":{"line":32,"column":79}},"4":{"start":{"line":32,"column":43},"end":{"line":32,"column":77}},"5":{"start":{"line":35,"column":21},"end":{"line":35,"column":50}},"6":{"start":{"line":36,"column":18},"end":{"line":36,"column":61}},"7":{"start":{"line":37,"column":26},"end":{"line":37,"column":80}},"8":{"start":{"line":38,"column":24},"end":{"line":38,"column":59}},"9":{"start":{"line":39,"column":16},"end":{"line":44,"column":4}},"10":{"start":{"line":46,"column":22},"end":{"line":66,"column":null}},"11":{"start":{"line":47,"column":4},"end":{"line":47,"column":null}},"12":{"start":{"line":48,"column":4},"end":{"line":66,"column":null}},"13":{"start":{"line":49,"column":6},"end":{"line":53,"column":null}},"14":{"start":{"line":50,"column":21},"end":{"line":50,"column":70}},"15":{"start":{"line":51,"column":8},"end":{"line":51,"column":null}},"16":{"start":{"line":52,"column":8},"end":{"line":52,"column":null}},"17":{"start":{"line":53,"column":8},"end":{"line":53,"column":null}},"18":{"start":{"line":56,"column":23},"end":{"line":61,"column":null}},"19":{"start":{"line":57,"column":34},"end":{"line":61,"column":11}},"20":{"start":{"line":63,"column":6},"end":{"line":63,"column":null}},"21":{"start":{"line":65,"column":18},"end":{"line":65,"column":null}},"22":{"start":{"line":66,"column":6},"end":{"line":66,"column":null}},"23":{"start":{"line":70,"column":21},"end":{"line":108,"column":null}},"24":{"start":{"line":71,"column":4},"end":{"line":71,"column":null}},"25":{"start":{"line":72,"column":4},"end":{"line":74,"column":null}},"26":{"start":{"line":73,"column":6},"end":{"line":73,"column":null}},"27":{"start":{"line":74,"column":6},"end":{"line":74,"column":null}},"28":{"start":{"line":76,"column":4},"end":{"line":78,"column":null}},"29":{"start":{"line":77,"column":6},"end":{"line":77,"column":null}},"30":{"start":{"line":78,"column":6},"end":{"line":78,"column":null}},"31":{"start":{"line":81,"column":18},"end":{"line":85,"column":null}},"32":{"start":{"line":82,"column":32},"end":{"line":85,"column":9}},"33":{"start":{"line":88,"column":4},"end":{"line":90,"column":null}},"34":{"start":{"line":89,"column":6},"end":{"line":89,"column":null}},"35":{"start":{"line":90,"column":6},"end":{"line":90,"column":null}},"36":{"start":{"line":93,"column":4},"end":{"line":108,"column":null}},"37":{"start":{"line":94,"column":23},"end":{"line":105,"column":8}},"38":{"start":{"line":96,"column":41},"end":{"line":100,"column":11}},"39":{"start":{"line":106,"column":6},"end":{"line":106,"column":null}},"40":{"start":{"line":108,"column":6},"end":{"line":108,"column":null}},"41":{"start":{"line":112,"column":2},"end":{"line":149,"column":null}},"42":{"start":{"line":124,"column":25},"end":{"line":124,"column":54}},"43":{"start":{"line":133,"column":25},"end":{"line":133,"column":59}},"44":{"start":{"line":139,"column":25},"end":{"line":139,"column":57}}},"fnMap":{"0":{"name":"(anonymous_0)","decl":{"start":{"line":28,"column":6},"end":{"line":28,"column":21}},"loc":{"start":{"line":28,"column":39},"end":{"line":28,"column":83}},"line":28},"1":{"name":"CheckoutPage","decl":{"start":{"line":30,"column":24},"end":{"line":30,"column":37}},"loc":{"start":{"line":30,"column":66},"end":{"line":149,"column":null}},"line":30},"2":{"name":"(anonymous_2)","decl":{"start":{"line":31,"column":26},"end":{"line":31,"column":null}},"loc":{"start":{"line":32,"column":10},"end":{"line":32,"column":79}},"line":32},"3":{"name":"(anonymous_3)","decl":{"start":{"line":32,"column":21},"end":{"line":32,"column":29}},"loc":{"start":{"line":32,"column":43},"end":{"line":32,"column":77}},"line":32},"4":{"name":"(anonymous_4)","decl":{"start":{"line":46,"column":22},"end":{"line":46,"column":34}},"loc":{"start":{"line":46,"column":34},"end":{"line":66,"column":null}},"line":46},"5":{"name":"(anonymous_5)","decl":{"start":{"line":57,"column":19},"end":{"line":57,"column":24}},"loc":{"start":{"line":57,"column":34},"end":{"line":61,"column":11}},"line":57},"6":{"name":"(anonymous_6)","decl":{"start":{"line":70,"column":21},"end":{"line":70,"column":33}},"loc":{"start":{"line":70,"column":33},"end":{"line":108,"column":null}},"line":70},"7":{"name":"(anonymous_7)","decl":{"start":{"line":82,"column":17},"end":{"line":82,"column":22}},"loc":{"start":{"line":82,"column":32},"end":{"line":85,"column":9}},"line":82},"8":{"name":"(anonymous_8)","decl":{"start":{"line":96,"column":26},"end":{"line":96,"column":31}},"loc":{"start":{"line":96,"column":41},"end":{"line":100,"column":11}},"line":96},"9":{"name":"(anonymous_9)","decl":{"start":{"line":124,"column":8},"end":{"line":124,"column":19}},"loc":{"start":{"line":124,"column":25},"end":{"line":124,"column":54}},"line":124},"10":{"name":"(anonymous_10)","decl":{"start":{"line":133,"column":8},"end":{"line":133,"column":19}},"loc":{"start":{"line":133,"column":25},"end":{"line":133,"column":59}},"line":133},"11":{"name":"(anonymous_11)","decl":{"start":{"line":139,"column":8},"end":{"line":139,"column":19}},"loc":{"start":{"line":139,"column":25},"end":{"line":139,"column":57}},"line":139}},"branchMap":{"0":{"loc":{"start":{"line":49,"column":6},"end":{"line":53,"column":null}},"type":"if","locations":[{"start":{"line":49,"column":6},"end":{"line":53,"column":null}},{"start":{},"end":{}}],"line":49},"1":{"loc":{"start":{"line":66,"column":17},"end":{"line":66,"column":64}},"type":"binary-expr","locations":[{"start":{"line":66,"column":17},"end":{"line":66,"column":32}},{"start":{"line":66,"column":32},"end":{"line":66,"column":64}}],"line":66},"2":{"loc":{"start":{"line":72,"column":4},"end":{"line":74,"column":null}},"type":"if","locations":[{"start":{"line":72,"column":4},"end":{"line":74,"column":null}},{"start":{},"end":{}}],"line":72},"3":{"loc":{"start":{"line":76,"column":4},"end":{"line":78,"column":null}},"type":"if","locations":[{"start":{"line":76,"column":4},"end":{"line":78,"column":null}},{"start":{},"end":{}}],"line":76},"4":{"loc":{"start":{"line":88,"column":4},"end":{"line":90,"column":null}},"type":"if","locations":[{"start":{"line":88,"column":4},"end":{"line":90,"column":null}},{"start":{},"end":{}}],"line":88},"5":{"loc":{"start":{"line":89,"column":17},"end":{"line":89,"column":53}},"type":"binary-expr","locations":[{"start":{"line":89,"column":17},"end":{"line":89,"column":34}},{"start":{"line":89,"column":34},"end":{"line":89,"column":53}}],"line":89},"6":{"loc":{"start":{"line":106,"column":17},"end":{"line":106,"column":80}},"type":"binary-expr","locations":[{"start":{"line":106,"column":17},"end":{"line":106,"column":37}},{"start":{"line":106,"column":37},"end":{"line":106,"column":80}}],"line":106},"7":{"loc":{"start":{"line":148,"column":7},"end":{"line":148,"column":null}},"type":"binary-expr","locations":[{"start":{"line":148,"column":7},"end":{"line":148,"column":18}},{"start":{"line":148,"column":18},"end":{"line":148,"column":null}}],"line":148}},"s":{"0":1,"1":132,"2":33,"3":9,"4":11,"5":33,"6":33,"7":33,"8":33,"9":33,"10":33,"11":5,"12":5,"13":5,"14":4,"15":2,"16":2,"17":2,"18":1,"19":2,"20":1,"21":2,"22":2,"23":33,"24":5,"25":5,"26":0,"27":0,"28":5,"29":0,"30":0,"31":5,"32":6,"33":5,"34":2,"35":2,"36":3,"37":3,"38":4,"39":2,"40":1,"41":33,"42":4,"43":0,"44":0},"f":{"0":132,"1":33,"2":9,"3":11,"4":5,"5":2,"6":5,"7":6,"8":4,"9":4,"10":0,"11":0},"b":{"0":[4,1],"1":[2,1],"2":[0,5],"3":[0,5],"4":[2,3],"5":[2,1],"6":[2,1],"7":[33,15]},"meta":{"lastBranch":8,"lastFunction":12,"lastStatement":45,"seen":{"s:28:6:28:83":0,"f:28:6:28:21":0,"s:28:39:28:83":1,"f:30:24:30:37":1,"s:31:8:33:Infinity":2,"f:31:26:31:Infinity":2,"s:32:10:32:79":3,"f:32:21:32:29":3,"s:32:43:32:77":4,"s:35:21:35:50":5,"s:36:18:36:61":6,"s:37:26:37:80":7,"s:38:24:38:59":8,"s:39:16:44:4":9,"s:46:22:66:Infinity":10,"f:46:22:46:34":4,"s:47:4:47:Infinity":11,"s:48:4:66:Infinity":12,"b:49:6:53:Infinity:undefined:undefined:undefined:undefined":0,"s:49:6:53:Infinity":13,"s:50:21:50:70":14,"s:51:8:51:Infinity":15,"s:52:8:52:Infinity":16,"s:53:8:53:Infinity":17,"s:56:23:61:Infinity":18,"f:57:19:57:24":5,"s:57:34:61:11":19,"s:63:6:63:Infinity":20,"s:65:18:65:Infinity":21,"s:66:6:66:Infinity":22,"b:66:17:66:32:66:32:66:64":1,"s:70:21:108:Infinity":23,"f:70:21:70:33":6,"s:71:4:71:Infinity":24,"b:72:4:74:Infinity:undefined:undefined:undefined:undefined":2,"s:72:4:74:Infinity":25,"s:73:6:73:Infinity":26,"s:74:6:74:Infinity":27,"b:76:4:78:Infinity:undefined:undefined:undefined:undefined":3,"s:76:4:78:Infinity":28,"s:77:6:77:Infinity":29,"s:78:6:78:Infinity":30,"s:81:18:85:Infinity":31,"f:82:17:82:22":7,"s:82:32:85:9":32,"b:88:4:90:Infinity:undefined:undefined:undefined:undefined":4,"s:88:4:90:Infinity":33,"s:89:6:89:Infinity":34,"b:89:17:89:34:89:34:89:53":5,"s:90:6:90:Infinity":35,"s:93:4:108:Infinity":36,"s:94:23:105:8":37,"f:96:26:96:31":8,"s:96:41:100:11":38,"s:106:6:106:Infinity":39,"b:106:17:106:37:106:37:106:80":6,"s:108:6:108:Infinity":40,"s:112:2:149:Infinity":41,"f:124:8:124:19":9,"s:124:25:124:54":42,"f:133:8:133:19":10,"s:133:25:133:59":43,"f:139:8:139:19":11,"s:139:25:139:57":44,"b:148:7:148:18:148:18:148:Infinity":7}}}
,"/mnt/d/Code/HK3_Y2/ShopCart_FE_BE/frontend/src/components/ProductsComponent.tsx": {"path":"/mnt/d/Code/HK3_Y2/ShopCart_FE_BE/frontend/src/components/ProductsComponent.tsx","statementMap":{"0":{"start":{"line":9,"column":48},"end":{"line":13,"column":null}},"1":{"start":{"line":15,"column":6},"end":{"line":128,"column":null}},"2":{"start":{"line":19,"column":19},"end":{"line":19,"column":69}},"3":{"start":{"line":20,"column":18},"end":{"line":20,"column":46}},"4":{"start":{"line":21,"column":16},"end":{"line":21,"column":57}},"5":{"start":{"line":22,"column":21},"end":{"line":22,"column":77}},"6":{"start":{"line":24,"column":2},"end":{"line":46,"column":null}},"7":{"start":{"line":25,"column":17},"end":{"line":25,"column":null}},"8":{"start":{"line":26,"column":4},"end":{"line":42,"column":null}},"9":{"start":{"line":29,"column":8},"end":{"line":31,"column":null}},"10":{"start":{"line":30,"column":10},"end":{"line":30,"column":null}},"11":{"start":{"line":31,"column":10},"end":{"line":31,"column":null}},"12":{"start":{"line":35,"column":8},"end":{"line":37,"column":null}},"13":{"start":{"line":36,"column":10},"end":{"line":36,"column":null}},"14":{"start":{"line":37,"column":10},"end":{"line":37,"column":null}},"15":{"start":{"line":41,"column":8},"end":{"line":41,"column":null}},"16":{"start":{"line":41,"column":20},"end":{"line":41,"column":null}},"17":{"start":{"line":43,"column":4},"end":{"line":44,"column":null}},"18":{"start":{"line":44,"column":6},"end":{"line":44,"column":null}},"19":{"start":{"line":48,"column":8},"end":{"line":53,"column":null}},"20":{"start":{"line":49,"column":4},"end":{"line":49,"column":null}},"21":{"start":{"line":49,"column":22},"end":{"line":49,"column":null}},"22":{"start":{"line":50,"column":4},"end":{"line":53,"column":null}},"23":{"start":{"line":50,"column":29},"end":{"line":53,"column":7}},"24":{"start":{"line":56,"column":8},"end":{"line":70,"column":null}},"25":{"start":{"line":57,"column":21},"end":{"line":57,"column":null}},"26":{"start":{"line":58,"column":4},"end":{"line":60,"column":null}},"27":{"start":{"line":59,"column":6},"end":{"line":59,"column":null}},"28":{"start":{"line":60,"column":6},"end":{"line":60,"column":null}},"29":{"start":{"line":62,"column":4},"end":{"line":64,"column":null}},"30":{"start":{"line":63,"column":6},"end":{"line":63,"column":null}},"31":{"start":{"line":64,"column":6},"end":{"line":64,"column":null}},"32":{"start":{"line":66,"column":4},"end":{"line":66,"column":null}},"33":{"start":{"line":67,"column":4},"end":{"line":70,"column":null}},"34":{"start":{"line":67,"column":29},"end":{"line":70,"column":7}},"35":{"start":{"line":73,"column":2},"end":{"line":77,"column":null}},"36":{"start":{"line":74,"column":4},"end":{"line":77,"column":null}},"37":{"start":{"line":81,"column":2},"end":{"line":128,"column":null}},"38":{"start":{"line":91,"column":10},"end":{"line":126,"column":null}},"39":{"start":{"line":112,"column":18},"end":{"line":112,"column":81}},"40":{"start":{"line":119,"column":29},"end":{"line":119,"column":53}}},"fnMap":{"0":{"name":"(anonymous_0)","decl":{"start":{"line":15,"column":6},"end":{"line":15,"column":27}},"loc":{"start":{"line":18,"column":30},"end":{"line":128,"column":null}},"line":18},"1":{"name":"(anonymous_1)","decl":{"start":{"line":24,"column":2},"end":{"line":24,"column":18}},"loc":{"start":{"line":24,"column":18},"end":{"line":46,"column":6}},"line":24},"2":{"name":"(anonymous_2)","decl":{"start":{"line":28,"column":7},"end":{"line":28,"column":13}},"loc":{"start":{"line":28,"column":22},"end":{"line":33,"column":null}},"line":28},"3":{"name":"(anonymous_3)","decl":{"start":{"line":34,"column":7},"end":{"line":34,"column":19}},"loc":{"start":{"line":34,"column":19},"end":{"line":39,"column":null}},"line":34},"4":{"name":"(anonymous_4)","decl":{"start":{"line":40,"column":7},"end":{"line":40,"column":21}},"loc":{"start":{"line":40,"column":21},"end":{"line":42,"column":null}},"line":40},"5":{"name":"(anonymous_5)","decl":{"start":{"line":43,"column":4},"end":{"line":43,"column":17}},"loc":{"start":{"line":43,"column":17},"end":{"line":44,"column":null}},"line":43},"6":{"name":"(anonymous_6)","decl":{"start":{"line":48,"column":8},"end":{"line":48,"column":32}},"loc":{"start":{"line":48,"column":72},"end":{"line":53,"column":null}},"line":48},"7":{"name":"(anonymous_7)","decl":{"start":{"line":50,"column":4},"end":{"line":50,"column":19}},"loc":{"start":{"line":50,"column":29},"end":{"line":53,"column":7}},"line":50},"8":{"name":"(anonymous_8)","decl":{"start":{"line":56,"column":8},"end":{"line":56,"column":27}},"loc":{"start":{"line":56,"column":60},"end":{"line":70,"column":null}},"line":56},"9":{"name":"(anonymous_9)","decl":{"start":{"line":67,"column":4},"end":{"line":67,"column":19}},"loc":{"start":{"line":67,"column":29},"end":{"line":70,"column":7}},"line":67},"10":{"name":"(anonymous_10)","decl":{"start":{"line":90,"column":18},"end":{"line":90,"column":23}},"loc":{"start":{"line":91,"column":10},"end":{"line":126,"column":null}},"line":91},"11":{"name":"(anonymous_11)","decl":{"start":{"line":111,"column":16},"end":{"line":111,"column":27}},"loc":{"start":{"line":112,"column":18},"end":{"line":112,"column":81}},"line":112},"12":{"name":"(anonymous_12)","decl":{"start":{"line":119,"column":14},"end":{"line":119,"column":29}},"loc":{"start":{"line":119,"column":29},"end":{"line":119,"column":53}},"line":119}},"branchMap":{"0":{"loc":{"start":{"line":29,"column":8},"end":{"line":31,"column":null}},"type":"if","locations":[{"start":{"line":29,"column":8},"end":{"line":31,"column":null}},{"start":{},"end":{}}],"line":29},"1":{"loc":{"start":{"line":30,"column":22},"end":{"line":30,"column":68}},"type":"cond-expr","locations":[{"start":{"line":30,"column":44},"end":{"line":30,"column":51}},{"start":{"line":30,"column":51},"end":{"line":30,"column":68}}],"line":30},"2":{"loc":{"start":{"line":35,"column":8},"end":{"line":37,"column":null}},"type":"if","locations":[{"start":{"line":35,"column":8},"end":{"line":37,"column":null}},{"start":{},"end":{}}],"line":35},"3":{"loc":{"start":{"line":41,"column":8},"end":{"line":41,"column":null}},"type":"if","locations":[{"start":{"line":41,"column":8},"end":{"line":41,"column":null}},{"start":{},"end":{}}],"line":41},"4":{"loc":{"start":{"line":49,"column":4},"end":{"line":49,"column":null}},"type":"if","locations":[{"start":{"line":49,"column":4},"end":{"line":49,"column":null}},{"start":{},"end":{}}],"line":49},"5":{"loc":{"start":{"line":57,"column":21},"end":{"line":57,"column":null}},"type":"binary-expr","locations":[{"start":{"line":57,"column":21},"end":{"line":57,"column":47}},{"start":{"line":57,"column":47},"end":{"line":57,"column":null}}],"line":57},"6":{"loc":{"start":{"line":58,"column":4},"end":{"line":60,"column":null}},"type":"if","locations":[{"start":{"line":58,"column":4},"end":{"line":60,"column":null}},{"start":{},"end":{}}],"line":58},"7":{"loc":{"start":{"line":62,"column":4},"end":{"line":64,"column":null}},"type":"if","locations":[{"start":{"line":62,"column":4},"end":{"line":64,"column":null}},{"start":{},"end":{}}],"line":62},"8":{"loc":{"start":{"line":73,"column":2},"end":{"line":77,"column":null}},"type":"if","locations":[{"start":{"line":73,"column":2},"end":{"line":77,"column":null}},{"start":{},"end":{}}],"line":73},"9":{"loc":{"start":{"line":87,"column":7},"end":{"line":87,"column":null}},"type":"binary-expr","locations":[{"start":{"line":87,"column":7},"end":{"line":87,"column":16}},{"start":{"line":87,"column":16},"end":{"line":87,"column":null}}],"line":87},"10":{"loc":{"start":{"line":110,"column":23},"end":{"line":110,"column":null}},"type":"binary-expr","locations":[{"start":{"line":110,"column":23},"end":{"line":110,"column":49}},{"start":{"line":110,"column":49},"end":{"line":110,"column":null}}],"line":110},"11":{"loc":{"start":{"line":112,"column":51},"end":{"line":112,"column":81}},"type":"binary-expr","locations":[{"start":{"line":112,"column":51},"end":{"line":112,"column":75}},{"start":{"line":112,"column":79},"end":{"line":112,"column":81}}],"line":112},"12":{"loc":{"start":{"line":124,"column":15},"end":{"line":124,"column":null}},"type":"cond-expr","locations":[{"start":{"line":124,"column":37},"end":{"line":124,"column":50}},{"start":{"line":124,"column":50},"end":{"line":124,"column":null}}],"line":124}},"s":{"0":2,"1":2,"2":48,"3":48,"4":48,"5":48,"6":48,"7":16,"8":16,"9":14,"10":13,"11":13,"12":2,"13":1,"14":1,"15":16,"16":14,"17":16,"18":16,"19":48,"20":6,"21":1,"22":5,"23":5,"24":48,"25":12,"26":12,"27":1,"28":1,"29":11,"30":2,"31":2,"32":9,"33":12,"34":9,"35":48,"36":16,"37":32,"38":38,"39":6,"40":12},"f":{"0":48,"1":16,"2":14,"3":2,"4":16,"5":16,"6":6,"7":5,"8":12,"9":9,"10":38,"11":6,"12":12},"b":{"0":[13,1],"1":[12,1],"2":[1,1],"3":[14,2],"4":[1,5],"5":[12,7],"6":[1,11],"7":[2,9],"8":[16,32],"9":[32,5],"10":[38,20],"11":[6,1],"12":[4,34]},"meta":{"lastBranch":13,"lastFunction":13,"lastStatement":41,"seen":{"s:9:48:13:Infinity":0,"s:15:6:128:Infinity":1,"f:15:6:15:27":0,"s:19:19:19:69":2,"s:20:18:20:46":3,"s:21:16:21:57":4,"s:22:21:22:77":5,"s:24:2:46:Infinity":6,"f:24:2:24:18":1,"s:25:17:25:Infinity":7,"s:26:4:42:Infinity":8,"f:28:7:28:13":2,"b:29:8:31:Infinity:undefined:undefined:undefined:undefined":0,"s:29:8:31:Infinity":9,"s:30:10:30:Infinity":10,"b:30:44:30:51:30:51:30:68":1,"s:31:10:31:Infinity":11,"f:34:7:34:19":3,"b:35:8:37:Infinity:undefined:undefined:undefined:undefined":2,"s:35:8:37:Infinity":12,"s:36:10:36:Infinity":13,"s:37:10:37:Infinity":14,"f:40:7:40:21":4,"b:41:8:41:Infinity:undefined:undefined:undefined:undefined":3,"s:41:8:41:Infinity":15,"s:41:20:41:Infinity":16,"s:43:4:44:Infinity":17,"f:43:4:43:17":5,"s:44:6:44:Infinity":18,"s:48:8:53:Infinity":19,"f:48:8:48:32":6,"b:49:4:49:Infinity:undefined:undefined:undefined:undefined":4,"s:49:4:49:Infinity":20,"s:49:22:49:Infinity":21,"s:50:4:53:Infinity":22,"f:50:4:50:19":7,"s:50:29:53:7":23,"s:56:8:70:Infinity":24,"f:56:8:56:27":8,"s:57:21:57:Infinity":25,"b:57:21:57:47:57:47:57:Infinity":5,"b:58:4:60:Infinity:undefined:undefined:undefined:undefined":6,"s:58:4:60:Infinity":26,"s:59:6:59:Infinity":27,"s:60:6:60:Infinity":28,"b:62:4:64:Infinity:undefined:undefined:undefined:undefined":7,"s:62:4:64:Infinity":29,"s:63:6:63:Infinity":30,"s:64:6:64:Infinity":31,"s:66:4:66:Infinity":32,"s:67:4:70:Infinity":33,"f:67:4:67:19":9,"s:67:29:70:7":34,"b:73:2:77:Infinity:undefined:undefined:undefined:undefined":8,"s:73:2:77:Infinity":35,"s:74:4:77:Infinity":36,"s:81:2:128:Infinity":37,"b:87:7:87:16:87:16:87:Infinity":9,"f:90:18:90:23":10,"s:91:10:126:Infinity":38,"b:110:23:110:49:110:49:110:Infinity":10,"f:111:16:111:27":11,"s:112:18:112:81":39,"b:112:51:112:75:112:79:112:81":11,"f:119:14:119:29":12,"s:119:29:119:53":40,"b:124:37:124:50:124:50:124:Infinity":12}}}
,"/mnt/d/Code/HK3_Y2/ShopCart_FE_BE/frontend/src/services/cartService.ts": {"path":"/mnt/d/Code/HK3_Y2/ShopCart_FE_BE/frontend/src/services/cartService.ts","statementMap":{"0":{"start":{"line":3,"column":20},"end":{"line":4,"column":null}},"1":{"start":{"line":22,"column":15},"end":{"line":22,"column":73}},"2":{"start":{"line":23,"column":2},"end":{"line":23,"column":null}},"3":{"start":{"line":27,"column":15},"end":{"line":30,"column":null}},"4":{"start":{"line":32,"column":2},"end":{"line":32,"column":null}},"5":{"start":{"line":36,"column":15},"end":{"line":36,"column":79}},"6":{"start":{"line":37,"column":2},"end":{"line":37,"column":null}},"7":{"start":{"line":41,"column":15},"end":{"line":41,"column":95}},"8":{"start":{"line":42,"column":2},"end":{"line":42,"column":null}},"9":{"start":{"line":46,"column":15},"end":{"line":46,"column":109}},"10":{"start":{"line":47,"column":2},"end":{"line":47,"column":null}},"11":{"start":{"line":58,"column":15},"end":{"line":58,"column":81}},"12":{"start":{"line":59,"column":2},"end":{"line":59,"column":null}}},"fnMap":{"0":{"name":"getProducts","decl":{"start":{"line":21,"column":22},"end":{"line":21,"column":36}},"loc":{"start":{"line":21,"column":36},"end":{"line":23,"column":null}},"line":21},"1":{"name":"addToCart","decl":{"start":{"line":26,"column":22},"end":{"line":26,"column":32}},"loc":{"start":{"line":26,"column":85},"end":{"line":32,"column":null}},"line":26},"2":{"name":"getCart","decl":{"start":{"line":35,"column":22},"end":{"line":35,"column":30}},"loc":{"start":{"line":35,"column":46},"end":{"line":37,"column":null}},"line":35},"3":{"name":"removeFromCart","decl":{"start":{"line":40,"column":22},"end":{"line":40,"column":37}},"loc":{"start":{"line":40,"column":72},"end":{"line":42,"column":null}},"line":40},"4":{"name":"updateQuantity","decl":{"start":{"line":45,"column":22},"end":{"line":45,"column":37}},"loc":{"start":{"line":45,"column":90},"end":{"line":47,"column":null}},"line":45},"5":{"name":"createOrder","decl":{"start":{"line":50,"column":22},"end":{"line":50,"column":34}},"loc":{"start":{"line":57,"column":3},"end":{"line":59,"column":null}},"line":57}},"branchMap":{},"s":{"0":4,"1":1,"2":1,"3":1,"4":1,"5":1,"6":1,"7":1,"8":1,"9":1,"10":1,"11":1,"12":1},"f":{"0":1,"1":1,"2":1,"3":1,"4":1,"5":1},"b":{},"meta":{"lastBranch":0,"lastFunction":6,"lastStatement":13,"seen":{"s:3:20:4:Infinity":0,"f:21:22:21:36":0,"s:22:15:22:73":1,"s:23:2:23:Infinity":2,"f:26:22:26:32":1,"s:27:15:30:Infinity":3,"s:32:2:32:Infinity":4,"f:35:22:35:30":2,"s:36:15:36:79":5,"s:37:2:37:Infinity":6,"f:40:22:40:37":3,"s:41:15:41:95":7,"s:42:2:42:Infinity":8,"f:45:22:45:37":4,"s:46:15:46:109":9,"s:47:2:47:Infinity":10,"f:50:22:50:34":5,"s:58:15:58:81":11,"s:59:2:59:Infinity":12}}}
,"/mnt/d/Code/HK3_Y2/ShopCart_FE_BE/frontend/src/services/inventoryService.ts": {"path":"/mnt/d/Code/HK3_Y2/ShopCart_FE_BE/frontend/src/services/inventoryService.ts","statementMap":{"0":{"start":{"line":3,"column":20},"end":{"line":4,"column":null}},"1":{"start":{"line":18,"column":15},"end":{"line":18,"column":92}},"2":{"start":{"line":19,"column":2},"end":{"line":19,"column":null}}},"fnMap":{"0":{"name":"checkStock","decl":{"start":{"line":17,"column":22},"end":{"line":17,"column":33}},"loc":{"start":{"line":17,"column":65},"end":{"line":19,"column":null}},"line":17}},"branchMap":{},"s":{"0":2,"1":1,"2":1},"f":{"0":1},"b":{},"meta":{"lastBranch":0,"lastFunction":1,"lastStatement":3,"seen":{"s:3:20:4:Infinity":0,"f:17:22:17:33":0,"s:18:15:18:92":1,"s:19:2:19:Infinity":2}}}
,"/mnt/d/Code/HK3_Y2/ShopCart_FE_BE/frontend/src/services/orderService.ts": {"path":"/mnt/d/Code/HK3_Y2/ShopCart_FE_BE/frontend/src/services/orderService.ts","statementMap":{"0":{"start":{"line":3,"column":20},"end":{"line":4,"column":null}},"1":{"start":{"line":38,"column":15},"end":{"line":38,"column":81}},"2":{"start":{"line":39,"column":2},"end":{"line":39,"column":null}},"3":{"start":{"line":43,"column":15},"end":{"line":43,"column":89}},"4":{"start":{"line":44,"column":2},"end":{"line":44,"column":null}},"5":{"start":{"line":48,"column":15},"end":{"line":48,"column":89}},"6":{"start":{"line":49,"column":2},"end":{"line":49,"column":null}}},"fnMap":{"0":{"name":"createOrder","decl":{"start":{"line":37,"column":22},"end":{"line":37,"column":34}},"loc":{"start":{"line":37,"column":57},"end":{"line":39,"column":null}},"line":37},"1":{"name":"applyCoupon","decl":{"start":{"line":42,"column":22},"end":{"line":42,"column":34}},"loc":{"start":{"line":42,"column":48},"end":{"line":44,"column":null}},"line":42},"2":{"name":"calculatePrice","decl":{"start":{"line":47,"column":22},"end":{"line":47,"column":37}},"loc":{"start":{"line":47,"column":57},"end":{"line":49,"column":null}},"line":47}},"branchMap":{},"s":{"0":2,"1":1,"2":1,"3":1,"4":1,"5":1,"6":1},"f":{"0":1,"1":1,"2":1},"b":{},"meta":{"lastBranch":0,"lastFunction":3,"lastStatement":7,"seen":{"s:3:20:4:Infinity":0,"f:37:22:37:34":0,"s:38:15:38:81":1,"s:39:2:39:Infinity":2,"f:42:22:42:34":1,"s:43:15:43:89":3,"s:44:2:44:Infinity":4,"f:47:22:47:37":2,"s:48:15:48:89":5,"s:49:2:49:Infinity":6}}}
,"/mnt/d/Code/HK3_Y2/ShopCart_FE_BE/frontend/src/utils/cartValidation.ts": {"path":"/mnt/d/Code/HK3_Y2/ShopCart_FE_BE/frontend/src/utils/cartValidation.ts","statementMap":{"0":{"start":{"line":15,"column":2},"end":{"line":16,"column":null}},"1":{"start":{"line":16,"column":4},"end":{"line":16,"column":null}},"2":{"start":{"line":20,"column":2},"end":{"line":21,"column":null}},"3":{"start":{"line":21,"column":4},"end":{"line":21,"column":null}},"4":{"start":{"line":25,"column":2},"end":{"line":26,"column":null}},"5":{"start":{"line":26,"column":4},"end":{"line":26,"column":null}},"6":{"start":{"line":30,"column":2},"end":{"line":31,"column":null}},"7":{"start":{"line":31,"column":4},"end":{"line":31,"column":null}},"8":{"start":{"line":35,"column":2},"end":{"line":36,"column":null}},"9":{"start":{"line":36,"column":4},"end":{"line":36,"column":null}},"10":{"start":{"line":39,"column":2},"end":{"line":39,"column":null}},"11":{"start":{"line":57,"column":19},"end":{"line":57,"column":83}},"12":{"start":{"line":57,"column":47},"end":{"line":57,"column":81}},"13":{"start":{"line":60,"column":17},"end":{"line":60,"column":null}},"14":{"start":{"line":61,"column":2},"end":{"line":64,"column":null}},"15":{"start":{"line":62,"column":4},"end":{"line":62,"column":null}},"16":{"start":{"line":63,"column":13},"end":{"line":64,"column":null}},"17":{"start":{"line":64,"column":4},"end":{"line":64,"column":null}},"18":{"start":{"line":68,"column":2},"end":{"line":68,"column":null}},"19":{"start":{"line":71,"column":16},"end":{"line":71,"column":null}},"20":{"start":{"line":73,"column":2},"end":{"line":79,"column":null}},"21":{"start":{"line":85,"column":2},"end":{"line":90,"column":null}},"22":{"start":{"line":86,"column":4},"end":{"line":90,"column":null}},"23":{"start":{"line":87,"column":6},"end":{"line":90,"column":null}},"24":{"start":{"line":93,"column":2},"end":{"line":93,"column":null}}},"fnMap":{"0":{"name":"validateCartItem","decl":{"start":{"line":13,"column":16},"end":{"line":13,"column":33}},"loc":{"start":{"line":13,"column":67},"end":{"line":39,"column":null}},"line":13},"1":{"name":"calculateCartTotal","decl":{"start":{"line":50,"column":16},"end":{"line":50,"column":null}},"loc":{"start":{"line":55,"column":13},"end":{"line":79,"column":null}},"line":55},"2":{"name":"(anonymous_2)","decl":{"start":{"line":57,"column":25},"end":{"line":57,"column":33}},"loc":{"start":{"line":57,"column":47},"end":{"line":57,"column":81}},"line":57},"3":{"name":"checkInventoryAvailability","decl":{"start":{"line":82,"column":16},"end":{"line":82,"column":null}},"loc":{"start":{"line":84,"column":44},"end":{"line":93,"column":null}},"line":84}},"branchMap":{"0":{"loc":{"start":{"line":15,"column":2},"end":{"line":16,"column":null}},"type":"if","locations":[{"start":{"line":15,"column":2},"end":{"line":16,"column":null}},{"start":{},"end":{}}],"line":15},"1":{"loc":{"start":{"line":15,"column":6},"end":{"line":15,"column":55}},"type":"binary-expr","locations":[{"start":{"line":15,"column":6},"end":{"line":15,"column":25}},{"start":{"line":15,"column":25},"end":{"line":15,"column":55}}],"line":15},"2":{"loc":{"start":{"line":20,"column":2},"end":{"line":21,"column":null}},"type":"if","locations":[{"start":{"line":20,"column":2},"end":{"line":21,"column":null}},{"start":{},"end":{}}],"line":20},"3":{"loc":{"start":{"line":20,"column":6},"end":{"line":20,"column":61}},"type":"binary-expr","locations":[{"start":{"line":20,"column":6},"end":{"line":20,"column":32}},{"start":{"line":20,"column":32},"end":{"line":20,"column":61}}],"line":20},"4":{"loc":{"start":{"line":25,"column":2},"end":{"line":26,"column":null}},"type":"if","locations":[{"start":{"line":25,"column":2},"end":{"line":26,"column":null}},{"start":{},"end":{}}],"line":25},"5":{"loc":{"start":{"line":30,"column":2},"end":{"line":31,"column":null}},"type":"if","locations":[{"start":{"line":30,"column":2},"end":{"line":31,"column":null}},{"start":{},"end":{}}],"line":30},"6":{"loc":{"start":{"line":35,"column":2},"end":{"line":36,"column":null}},"type":"if","locations":[{"start":{"line":35,"column":2},"end":{"line":36,"column":null}},{"start":{},"end":{}}],"line":35},"7":{"loc":{"start":{"line":54,"column":2},"end":{"line":54,"column":null}},"type":"default-arg","locations":[{"start":{"line":54,"column":21},"end":{"line":54,"column":null}}],"line":54},"8":{"loc":{"start":{"line":61,"column":2},"end":{"line":64,"column":null}},"type":"if","locations":[{"start":{"line":61,"column":2},"end":{"line":64,"column":null}},{"start":{"line":63,"column":13},"end":{"line":64,"column":null}}],"line":61},"9":{"loc":{"start":{"line":63,"column":13},"end":{"line":64,"column":null}},"type":"if","locations":[{"start":{"line":63,"column":13},"end":{"line":64,"column":null}},{"start":{},"end":{}}],"line":63},"10":{"loc":{"start":{"line":86,"column":4},"end":{"line":90,"column":null}},"type":"if","locations":[{"start":{"line":86,"column":4},"end":{"line":90,"column":null}},{"start":{},"end":{}}],"line":86}},"s":{"0":8,"1":1,"2":7,"3":2,"4":5,"5":2,"6":3,"7":1,"8":2,"9":1,"10":1,"11":5,"12":5,"13":5,"14":5,"15":1,"16":4,"17":1,"18":5,"19":5,"20":5,"21":2,"22":2,"23":1,"24":1},"f":{"0":8,"1":5,"2":5,"3":2},"b":{"0":[1,7],"1":[8,7],"2":[2,5],"3":[7,6],"4":[2,3],"5":[1,2],"6":[1,1],"7":[5],"8":[1,4],"9":[1,3],"10":[1,1]},"meta":{"lastBranch":11,"lastFunction":4,"lastStatement":25,"seen":{"f:13:16:13:33":0,"b:15:2:16:Infinity:undefined:undefined:undefined:undefined":0,"s:15:2:16:Infinity":0,"b:15:6:15:25:15:25:15:55":1,"s:16:4:16:Infinity":1,"b:20:2:21:Infinity:undefined:undefined:undefined:undefined":2,"s:20:2:21:Infinity":2,"b:20:6:20:32:20:32:20:61":3,"s:21:4:21:Infinity":3,"b:25:2:26:Infinity:undefined:undefined:undefined:undefined":4,"s:25:2:26:Infinity":4,"s:26:4:26:Infinity":5,"b:30:2:31:Infinity:undefined:undefined:undefined:undefined":5,"s:30:2:31:Infinity":6,"s:31:4:31:Infinity":7,"b:35:2:36:Infinity:undefined:undefined:undefined:undefined":6,"s:35:2:36:Infinity":8,"s:36:4:36:Infinity":9,"s:39:2:39:Infinity":10,"f:50:16:50:Infinity":1,"b:54:21:54:Infinity":7,"s:57:19:57:83":11,"f:57:25:57:33":2,"s:57:47:57:81":12,"s:60:17:60:Infinity":13,"b:61:2:64:Infinity:63:13:64:Infinity":8,"s:61:2:64:Infinity":14,"s:62:4:62:Infinity":15,"b:63:13:64:Infinity:undefined:undefined:undefined:undefined":9,"s:63:13:64:Infinity":16,"s:64:4:64:Infinity":17,"s:68:2:68:Infinity":18,"s:71:16:71:Infinity":19,"s:73:2:79:Infinity":20,"f:82:16:82:Infinity":3,"s:85:2:90:Infinity":21,"b:86:4:90:Infinity:undefined:undefined:undefined:undefined":10,"s:86:4:90:Infinity":22,"s:87:6:90:Infinity":23,"s:93:2:93:Infinity":24}}}
,"/mnt/d/Code/HK3_Y2/ShopCart_FE_BE/frontend/src/utils/priceCalculation.ts": {"path":"/mnt/d/Code/HK3_Y2/ShopCart_FE_BE/frontend/src/utils/priceCalculation.ts","statementMap":{"0":{"start":{"line":28,"column":19},"end":{"line":28,"column":83}},"1":{"start":{"line":28,"column":47},"end":{"line":28,"column":81}},"2":{"start":{"line":31,"column":17},"end":{"line":31,"column":null}},"3":{"start":{"line":32,"column":2},"end":{"line":36,"column":null}},"4":{"start":{"line":33,"column":4},"end":{"line":36,"column":null}},"5":{"start":{"line":34,"column":6},"end":{"line":34,"column":null}},"6":{"start":{"line":35,"column":15},"end":{"line":36,"column":null}},"7":{"start":{"line":36,"column":6},"end":{"line":36,"column":null}},"8":{"start":{"line":41,"column":2},"end":{"line":41,"column":null}},"9":{"start":{"line":44,"column":16},"end":{"line":44,"column":null}},"10":{"start":{"line":46,"column":2},"end":{"line":51,"column":null}},"11":{"start":{"line":59,"column":2},"end":{"line":63,"column":null}},"12":{"start":{"line":60,"column":4},"end":{"line":63,"column":null}},"13":{"start":{"line":67,"column":2},"end":{"line":73,"column":null}},"14":{"start":{"line":68,"column":23},"end":{"line":68,"column":50}},"15":{"start":{"line":69,"column":4},"end":{"line":73,"column":null}},"16":{"start":{"line":70,"column":6},"end":{"line":73,"column":null}},"17":{"start":{"line":77,"column":2},"end":{"line":77,"column":null}},"18":{"start":{"line":83,"column":22},"end":{"line":85,"column":34}},"19":{"start":{"line":84,"column":22},"end":{"line":84,"column":49}},"20":{"start":{"line":85,"column":19},"end":{"line":85,"column":34}},"21":{"start":{"line":87,"column":2},"end":{"line":91,"column":null}},"22":{"start":{"line":88,"column":4},"end":{"line":91,"column":null}},"23":{"start":{"line":94,"column":2},"end":{"line":94,"column":null}}},"fnMap":{"0":{"name":"calculateOrderPrice","decl":{"start":{"line":22,"column":16},"end":{"line":22,"column":null}},"loc":{"start":{"line":26,"column":14},"end":{"line":51,"column":null}},"line":26},"1":{"name":"(anonymous_1)","decl":{"start":{"line":28,"column":25},"end":{"line":28,"column":33}},"loc":{"start":{"line":28,"column":47},"end":{"line":28,"column":81}},"line":28},"2":{"name":"validateCoupon","decl":{"start":{"line":54,"column":16},"end":{"line":54,"column":null}},"loc":{"start":{"line":57,"column":40},"end":{"line":77,"column":null}},"line":57},"3":{"name":"checkInventoryAvailabilityForOrder","decl":{"start":{"line":80,"column":16},"end":{"line":80,"column":null}},"loc":{"start":{"line":82,"column":58},"end":{"line":94,"column":null}},"line":82},"4":{"name":"(anonymous_4)","decl":{"start":{"line":84,"column":5},"end":{"line":84,"column":13}},"loc":{"start":{"line":84,"column":22},"end":{"line":84,"column":49}},"line":84},"5":{"name":"(anonymous_5)","decl":{"start":{"line":85,"column":5},"end":{"line":85,"column":10}},"loc":{"start":{"line":85,"column":19},"end":{"line":85,"column":34}},"line":85}},"branchMap":{"0":{"loc":{"start":{"line":25,"column":2},"end":{"line":25,"column":null}},"type":"default-arg","locations":[{"start":{"line":25,"column":21},"end":{"line":25,"column":null}}],"line":25},"1":{"loc":{"start":{"line":32,"column":2},"end":{"line":36,"column":null}},"type":"if","locations":[{"start":{"line":32,"column":2},"end":{"line":36,"column":null}},{"start":{},"end":{}}],"line":32},"2":{"loc":{"start":{"line":33,"column":4},"end":{"line":36,"column":null}},"type":"if","locations":[{"start":{"line":33,"column":4},"end":{"line":36,"column":null}},{"start":{"line":35,"column":15},"end":{"line":36,"column":null}}],"line":33},"3":{"loc":{"start":{"line":35,"column":15},"end":{"line":36,"column":null}},"type":"if","locations":[{"start":{"line":35,"column":15},"end":{"line":36,"column":null}},{"start":{},"end":{}}],"line":35},"4":{"loc":{"start":{"line":59,"column":2},"end":{"line":63,"column":null}},"type":"if","locations":[{"start":{"line":59,"column":2},"end":{"line":63,"column":null}},{"start":{},"end":{}}],"line":59},"5":{"loc":{"start":{"line":59,"column":6},"end":{"line":59,"column":65}},"type":"binary-expr","locations":[{"start":{"line":59,"column":6},"end":{"line":59,"column":30}},{"start":{"line":59,"column":30},"end":{"line":59,"column":65}}],"line":59},"6":{"loc":{"start":{"line":67,"column":2},"end":{"line":73,"column":null}},"type":"if","locations":[{"start":{"line":67,"column":2},"end":{"line":73,"column":null}},{"start":{},"end":{}}],"line":67},"7":{"loc":{"start":{"line":69,"column":4},"end":{"line":73,"column":null}},"type":"if","locations":[{"start":{"line":69,"column":4},"end":{"line":73,"column":null}},{"start":{},"end":{}}],"line":69},"8":{"loc":{"start":{"line":87,"column":2},"end":{"line":91,"column":null}},"type":"if","locations":[{"start":{"line":87,"column":2},"end":{"line":91,"column":null}},{"start":{},"end":{}}],"line":87}},"s":{"0":55,"1":25,"2":55,"3":55,"4":5,"5":3,"6":2,"7":2,"8":55,"9":55,"10":55,"11":3,"12":1,"13":2,"14":1,"15":1,"16":1,"17":1,"18":2,"19":3,"20":1,"21":2,"22":1,"23":1},"f":{"0":55,"1":25,"2":3,"3":2,"4":3,"5":1},"b":{"0":[55],"1":[5,50],"2":[3,2],"3":[2,0],"4":[1,2],"5":[3,1],"6":[1,1],"7":[1,0],"8":[1,1]},"meta":{"lastBranch":9,"lastFunction":6,"lastStatement":24,"seen":{"f:22:16:22:Infinity":0,"b:25:21:25:Infinity":0,"s:28:19:28:83":0,"f:28:25:28:33":1,"s:28:47:28:81":1,"s:31:17:31:Infinity":2,"b:32:2:36:Infinity:undefined:undefined:undefined:undefined":1,"s:32:2:36:Infinity":3,"b:33:4:36:Infinity:35:15:36:Infinity":2,"s:33:4:36:Infinity":4,"s:34:6:34:Infinity":5,"b:35:15:36:Infinity:undefined:undefined:undefined:undefined":3,"s:35:15:36:Infinity":6,"s:36:6:36:Infinity":7,"s:41:2:41:Infinity":8,"s:44:16:44:Infinity":9,"s:46:2:51:Infinity":10,"f:54:16:54:Infinity":2,"b:59:2:63:Infinity:undefined:undefined:undefined:undefined":4,"s:59:2:63:Infinity":11,"b:59:6:59:30:59:30:59:65":5,"s:60:4:63:Infinity":12,"b:67:2:73:Infinity:undefined:undefined:undefined:undefined":6,"s:67:2:73:Infinity":13,"s:68:23:68:50":14,"b:69:4:73:Infinity:undefined:undefined:undefined:undefined":7,"s:69:4:73:Infinity":15,"s:70:6:73:Infinity":16,"s:77:2:77:Infinity":17,"f:80:16:80:Infinity":3,"s:83:22:85:34":18,"f:84:5:84:13":4,"s:84:22:84:49":19,"f:85:5:85:10":5,"s:85:19:85:34":20,"b:87:2:91:Infinity:undefined:undefined:undefined:undefined":8,"s:87:2:91:Infinity":21,"s:88:4:91:Infinity":22,"s:94:2:94:Infinity":23}}}
}
