{"Z:\\codeKTPM\\KTPM\\frontend\\src\\App.css": {"path":"Z:\\codeKTPM\\KTPM\\frontend\\src\\App.css","statementMap":{},"fnMap":{},"branchMap":{},"s":{},"f":{},"b":{},"meta":{"lastBranch":0,"lastFunction":0,"lastStatement":0,"seen":{}}}
,"Z:\\codeKTPM\\KTPM\\frontend\\src\\App.tsx": {"path":"Z:\\codeKTPM\\KTPM\\frontend\\src\\App.tsx","statementMap":{"0":{"start":{"line":8,"column":19},"end":{"line":8,"column":null}},"1":{"start":{"line":9,"column":15},"end":{"line":9,"column":65}},"2":{"start":{"line":10,"column":17},"end":{"line":10,"column":59}},"3":{"start":{"line":11,"column":20},"end":{"line":11,"column":47}},"4":{"start":{"line":12,"column":17},"end":{"line":12,"column":null}},"5":{"start":{"line":14,"column":2},"end":{"line":16,"column":null}},"6":{"start":{"line":15,"column":4},"end":{"line":15,"column":null}},"7":{"start":{"line":18,"column":26},"end":{"line":27,"column":null}},"8":{"start":{"line":19,"column":4},"end":{"line":27,"column":null}},"9":{"start":{"line":20,"column":23},"end":{"line":20,"column":79}},"10":{"start":{"line":21,"column":24},"end":{"line":21,"column":null}},"11":{"start":{"line":22,"column":6},"end":{"line":22,"column":null}},"12":{"start":{"line":23,"column":6},"end":{"line":23,"column":null}},"13":{"start":{"line":24,"column":6},"end":{"line":24,"column":null}},"14":{"start":{"line":26,"column":6},"end":{"line":26,"column":null}},"15":{"start":{"line":27,"column":6},"end":{"line":27,"column":null}},"16":{"start":{"line":31,"column":2},"end":{"line":48,"column":null}},"17":{"start":{"line":34,"column":79},"end":{"line":34,"column":98}},"18":{"start":{"line":37,"column":75},"end":{"line":37,"column":90}}},"fnMap":{"0":{"name":"App","decl":{"start":{"line":7,"column":9},"end":{"line":7,"column":15}},"loc":{"start":{"line":7,"column":15},"end":{"line":48,"column":null}},"line":7},"1":{"name":"(anonymous_1)","decl":{"start":{"line":14,"column":2},"end":{"line":14,"column":18}},"loc":{"start":{"line":14,"column":18},"end":{"line":16,"column":6}},"line":14},"2":{"name":"(anonymous_2)","decl":{"start":{"line":18,"column":26},"end":{"line":18,"column":33}},"loc":{"start":{"line":18,"column":73},"end":{"line":27,"column":null}},"line":18},"3":{"name":"(anonymous_3)","decl":{"start":{"line":34,"column":64},"end":{"line":34,"column":79}},"loc":{"start":{"line":34,"column":79},"end":{"line":34,"column":98}},"line":34},"4":{"name":"(anonymous_4)","decl":{"start":{"line":37,"column":60},"end":{"line":37,"column":75}},"loc":{"start":{"line":37,"column":75},"end":{"line":37,"column":90}},"line":37}},"branchMap":{"0":{"loc":{"start":{"line":8,"column":19},"end":{"line":8,"column":null}},"type":"cond-expr","locations":[{"start":{"line":8,"column":112},"end":{"line":8,"column":121}},{"start":{"line":8,"column":121},"end":{"line":8,"column":null}}],"line":8},"1":{"loc":{"start":{"line":8,"column":19},"end":{"line":8,"column":109}},"type":"binary-expr","locations":[{"start":{"line":8,"column":19},"end":{"line":8,"column":60}},{"start":{"line":8,"column":64},"end":{"line":8,"column":109}}],"line":8},"2":{"loc":{"start":{"line":15,"column":42},"end":{"line":15,"column":74}},"type":"cond-expr","locations":[{"start":{"line":15,"column":60},"end":{"line":15,"column":70}},{"start":{"line":15,"column":70},"end":{"line":15,"column":74}}],"line":15},"3":{"loc":{"start":{"line":21,"column":24},"end":{"line":21,"column":null}},"type":"binary-expr","locations":[{"start":{"line":21,"column":24},"end":{"line":21,"column":47}},{"start":{"line":21,"column":47},"end":{"line":21,"column":70}},{"start":{"line":21,"column":70},"end":{"line":21,"column":null}}],"line":21},"4":{"loc":{"start":{"line":34,"column":27},"end":{"line":34,"column":64}},"type":"cond-expr","locations":[{"start":{"line":34,"column":49},"end":{"line":34,"column":60}},{"start":{"line":34,"column":60},"end":{"line":34,"column":64}}],"line":34},"5":{"loc":{"start":{"line":37,"column":27},"end":{"line":37,"column":60}},"type":"cond-expr","locations":[{"start":{"line":37,"column":45},"end":{"line":37,"column":56}},{"start":{"line":37,"column":56},"end":{"line":37,"column":60}}],"line":37},"6":{"loc":{"start":{"line":39,"column":11},"end":{"line":39,"column":null}},"type":"binary-expr","locations":[{"start":{"line":39,"column":11},"end":{"line":39,"column":28}},{"start":{"line":39,"column":28},"end":{"line":39,"column":null}}],"line":39},"7":{"loc":{"start":{"line":44,"column":9},"end":{"line":44,"column":null}},"type":"binary-expr","locations":[{"start":{"line":44,"column":9},"end":{"line":44,"column":19}},{"start":{"line":44,"column":19},"end":{"line":44,"column":null}}],"line":44},"8":{"loc":{"start":{"line":45,"column":9},"end":{"line":46,"column":null}},"type":"binary-expr","locations":[{"start":{"line":45,"column":9},"end":{"line":45,"column":null}},{"start":{"line":46,"column":10},"end":{"line":46,"column":null}}],"line":45},"9":{"loc":{"start":{"line":48,"column":9},"end":{"line":48,"column":null}},"type":"binary-expr","locations":[{"start":{"line":48,"column":9},"end":{"line":48,"column":28}},{"start":{"line":48,"column":28},"end":{"line":48,"column":null}}],"line":48}},"s":{"0":11,"1":11,"2":11,"3":11,"4":11,"5":11,"6":11,"7":11,"8":5,"9":5,"10":5,"11":5,"12":5,"13":5,"14":0,"15":0,"16":11,"17":1,"18":0},"f":{"0":11,"1":11,"2":5,"3":1,"4":0},"b":{"0":[1,10],"1":[11,10],"2":[5,6],"3":[5,0,0],"4":[6,5],"5":[5,6],"6":[11,6],"7":[11,6],"8":[11,6],"9":[11,5]},"meta":{"lastBranch":10,"lastFunction":5,"lastStatement":19,"seen":{"f:7:9:7:15":0,"s:8:19:8:Infinity":0,"b:8:112:8:121:8:121:8:Infinity":0,"b:8:19:8:60:8:64:8:109":1,"s:9:15:9:65":1,"s:10:17:10:59":2,"s:11:20:11:47":3,"s:12:17:12:Infinity":4,"s:14:2:16:Infinity":5,"f:14:2:14:18":1,"s:15:4:15:Infinity":6,"b:15:60:15:70:15:70:15:74":2,"s:18:26:27:Infinity":7,"f:18:26:18:33":2,"s:19:4:27:Infinity":8,"s:20:23:20:79":9,"s:21:24:21:Infinity":10,"b:21:24:21:47:21:47:21:70:21:70:21:Infinity":3,"s:22:6:22:Infinity":11,"s:23:6:23:Infinity":12,"s:24:6:24:Infinity":13,"s:26:6:26:Infinity":14,"s:27:6:27:Infinity":15,"s:31:2:48:Infinity":16,"b:34:49:34:60:34:60:34:64":4,"f:34:64:34:79":3,"s:34:79:34:98":17,"b:37:45:37:56:37:56:37:60":5,"f:37:60:37:75":4,"s:37:75:37:90":18,"b:39:11:39:28:39:28:39:Infinity":6,"b:44:9:44:19:44:19:44:Infinity":7,"b:45:9:45:Infinity:46:10:46:Infinity":8,"b:48:9:48:28:48:28:48:Infinity":9}}}
,"Z:\\codeKTPM\\KTPM\\frontend\\src\\components\\CartComponent.tsx": {"path":"Z:\\codeKTPM\\KTPM\\frontend\\src\\components\\CartComponent.tsx","statementMap":{"0":{"start":{"line":5,"column":50},"end":{"line":9,"column":null}},"1":{"start":{"line":11,"column":6},"end":{"line":11,"column":83}},"2":{"start":{"line":11,"column":39},"end":{"line":11,"column":83}},"3":{"start":{"line":14,"column":16},"end":{"line":14,"column":73}},"4":{"start":{"line":15,"column":20},"end":{"line":15,"column":65}},"5":{"start":{"line":16,"column":22},"end":{"line":16,"column":69}},"6":{"start":{"line":17,"column":21},"end":{"line":17,"column":50}},"7":{"start":{"line":18,"column":24},"end":{"line":18,"column":78}},"8":{"start":{"line":19,"column":26},"end":{"line":19,"column":60}},"9":{"start":{"line":20,"column":23},"end":{"line":20,"column":71}},"10":{"start":{"line":22,"column":2},"end":{"line":41,"column":null}},"11":{"start":{"line":23,"column":17},"end":{"line":23,"column":null}},"12":{"start":{"line":24,"column":4},"end":{"line":37,"column":null}},"13":{"start":{"line":27,"column":8},"end":{"line":29,"column":null}},"14":{"start":{"line":28,"column":10},"end":{"line":28,"column":null}},"15":{"start":{"line":29,"column":10},"end":{"line":29,"column":null}},"16":{"start":{"line":33,"column":8},"end":{"line":35,"column":null}},"17":{"start":{"line":34,"column":10},"end":{"line":34,"column":null}},"18":{"start":{"line":35,"column":10},"end":{"line":35,"column":null}},"19":{"start":{"line":38,"column":4},"end":{"line":39,"column":null}},"20":{"start":{"line":39,"column":6},"end":{"line":39,"column":null}},"21":{"start":{"line":43,"column":22},"end":{"line":43,"column":null}},"22":{"start":{"line":44,"column":8},"end":{"line":46,"column":null}},"23":{"start":{"line":44,"column":16},"end":{"line":45,"column":70}},"24":{"start":{"line":49,"column":2},"end":{"line":50,"column":null}},"25":{"start":{"line":50,"column":4},"end":{"line":50,"column":null}},"26":{"start":{"line":53,"column":2},"end":{"line":54,"column":null}},"27":{"start":{"line":54,"column":4},"end":{"line":54,"column":null}},"28":{"start":{"line":57,"column":2},"end":{"line":61,"column":null}},"29":{"start":{"line":58,"column":4},"end":{"line":61,"column":null}},"30":{"start":{"line":66,"column":8},"end":{"line":68,"column":null}},"31":{"start":{"line":67,"column":4},"end":{"line":67,"column":null}},"32":{"start":{"line":68,"column":4},"end":{"line":68,"column":null}},"33":{"start":{"line":68,"column":62},"end":{"line":68,"column":109}},"34":{"start":{"line":71,"column":8},"end":{"line":78,"column":null}},"35":{"start":{"line":72,"column":21},"end":{"line":72,"column":47}},"36":{"start":{"line":73,"column":4},"end":{"line":75,"column":null}},"37":{"start":{"line":74,"column":6},"end":{"line":74,"column":null}},"38":{"start":{"line":75,"column":6},"end":{"line":75,"column":null}},"39":{"start":{"line":77,"column":4},"end":{"line":77,"column":null}},"40":{"start":{"line":78,"column":4},"end":{"line":78,"column":null}},"41":{"start":{"line":78,"column":72},"end":{"line":78,"column":119}},"42":{"start":{"line":81,"column":8},"end":{"line":91,"column":null}},"43":{"start":{"line":82,"column":23},"end":{"line":82,"column":54}},"44":{"start":{"line":83,"column":19},"end":{"line":83,"column":null}},"45":{"start":{"line":84,"column":4},"end":{"line":87,"column":null}},"46":{"start":{"line":85,"column":6},"end":{"line":85,"column":null}},"47":{"start":{"line":86,"column":6},"end":{"line":86,"column":null}},"48":{"start":{"line":87,"column":6},"end":{"line":87,"column":null}},"49":{"start":{"line":89,"column":4},"end":{"line":89,"column":null}},"50":{"start":{"line":90,"column":4},"end":{"line":90,"column":null}},"51":{"start":{"line":91,"column":4},"end":{"line":91,"column":null}},"52":{"start":{"line":94,"column":25},"end":{"line":114,"column":null}},"53":{"start":{"line":95,"column":4},"end":{"line":95,"column":null}},"54":{"start":{"line":96,"column":4},"end":{"line":98,"column":null}},"55":{"start":{"line":97,"column":6},"end":{"line":97,"column":null}},"56":{"start":{"line":98,"column":6},"end":{"line":98,"column":null}},"57":{"start":{"line":101,"column":4},"end":{"line":114,"column":null}},"58":{"start":{"line":102,"column":20},"end":{"line":109,"column":8}},"59":{"start":{"line":110,"column":6},"end":{"line":110,"column":null}},"60":{"start":{"line":111,"column":6},"end":{"line":111,"column":null}},"61":{"start":{"line":112,"column":6},"end":{"line":112,"column":null}},"62":{"start":{"line":114,"column":6},"end":{"line":114,"column":null}},"63":{"start":{"line":118,"column":2},"end":{"line":191,"column":null}},"64":{"start":{"line":128,"column":12},"end":{"line":144,"column":null}},"65":{"start":{"line":139,"column":33},"end":{"line":139,"column":null}},"66":{"start":{"line":141,"column":84},"end":{"line":141,"column":110}},"67":{"start":{"line":176,"column":31},"end":{"line":176,"column":null}},"68":{"start":{"line":185,"column":29},"end":{"line":185,"column":null}}},"fnMap":{"0":{"name":"(anonymous_0)","decl":{"start":{"line":11,"column":6},"end":{"line":11,"column":21}},"loc":{"start":{"line":11,"column":39},"end":{"line":11,"column":83}},"line":11},"1":{"name":"CartComponent","decl":{"start":{"line":13,"column":24},"end":{"line":13,"column":38}},"loc":{"start":{"line":13,"column":70},"end":{"line":191,"column":null}},"line":13},"2":{"name":"(anonymous_2)","decl":{"start":{"line":22,"column":2},"end":{"line":22,"column":18}},"loc":{"start":{"line":22,"column":18},"end":{"line":41,"column":6}},"line":22},"3":{"name":"(anonymous_3)","decl":{"start":{"line":26,"column":7},"end":{"line":26,"column":13}},"loc":{"start":{"line":26,"column":19},"end":{"line":31,"column":null}},"line":26},"4":{"name":"(anonymous_4)","decl":{"start":{"line":32,"column":7},"end":{"line":32,"column":19}},"loc":{"start":{"line":32,"column":19},"end":{"line":37,"column":null}},"line":32},"5":{"name":"(anonymous_5)","decl":{"start":{"line":38,"column":4},"end":{"line":38,"column":17}},"loc":{"start":{"line":38,"column":17},"end":{"line":39,"column":null}},"line":38},"6":{"name":"(anonymous_6)","decl":{"start":{"line":44,"column":16},"end":{"line":44,"column":null}},"loc":{"start":{"line":44,"column":16},"end":{"line":45,"column":70}},"line":44},"7":{"name":"(anonymous_7)","decl":{"start":{"line":66,"column":8},"end":{"line":66,"column":24}},"loc":{"start":{"line":66,"column":46},"end":{"line":68,"column":null}},"line":66},"8":{"name":"(anonymous_8)","decl":{"start":{"line":68,"column":50},"end":{"line":68,"column":56}},"loc":{"start":{"line":68,"column":62},"end":{"line":68,"column":109}},"line":68},"9":{"name":"(anonymous_9)","decl":{"start":{"line":71,"column":8},"end":{"line":71,"column":24}},"loc":{"start":{"line":71,"column":61},"end":{"line":78,"column":null}},"line":71},"10":{"name":"(anonymous_10)","decl":{"start":{"line":78,"column":60},"end":{"line":78,"column":66}},"loc":{"start":{"line":78,"column":72},"end":{"line":78,"column":119}},"line":78},"11":{"name":"(anonymous_11)","decl":{"start":{"line":81,"column":8},"end":{"line":81,"column":34}},"loc":{"start":{"line":81,"column":34},"end":{"line":91,"column":null}},"line":81},"12":{"name":"(anonymous_12)","decl":{"start":{"line":94,"column":25},"end":{"line":94,"column":37}},"loc":{"start":{"line":94,"column":37},"end":{"line":114,"column":null}},"line":94},"13":{"name":"(anonymous_13)","decl":{"start":{"line":127,"column":17},"end":{"line":127,"column":22}},"loc":{"start":{"line":128,"column":12},"end":{"line":144,"column":null}},"line":128},"14":{"name":"(anonymous_14)","decl":{"start":{"line":139,"column":16},"end":{"line":139,"column":27}},"loc":{"start":{"line":139,"column":33},"end":{"line":139,"column":null}},"line":139},"15":{"name":"(anonymous_15)","decl":{"start":{"line":141,"column":69},"end":{"line":141,"column":84}},"loc":{"start":{"line":141,"column":84},"end":{"line":141,"column":110}},"line":141},"16":{"name":"(anonymous_16)","decl":{"start":{"line":176,"column":14},"end":{"line":176,"column":25}},"loc":{"start":{"line":176,"column":31},"end":{"line":176,"column":null}},"line":176},"17":{"name":"(anonymous_17)","decl":{"start":{"line":185,"column":12},"end":{"line":185,"column":23}},"loc":{"start":{"line":185,"column":29},"end":{"line":185,"column":null}},"line":185}},"branchMap":{"0":{"loc":{"start":{"line":27,"column":8},"end":{"line":29,"column":null}},"type":"if","locations":[{"start":{"line":27,"column":8},"end":{"line":29,"column":null}},{"start":{},"end":{}}],"line":27},"1":{"loc":{"start":{"line":28,"column":19},"end":{"line":28,"column":56}},"type":"cond-expr","locations":[{"start":{"line":28,"column":44},"end":{"line":28,"column":54}},{"start":{"line":28,"column":54},"end":{"line":28,"column":56}}],"line":28},"2":{"loc":{"start":{"line":33,"column":8},"end":{"line":35,"column":null}},"type":"if","locations":[{"start":{"line":33,"column":8},"end":{"line":35,"column":null}},{"start":{},"end":{}}],"line":33},"3":{"loc":{"start":{"line":43,"column":22},"end":{"line":43,"column":null}},"type":"cond-expr","locations":[{"start":{"line":43,"column":50},"end":{"line":43,"column":58}},{"start":{"line":43,"column":58},"end":{"line":43,"column":null}}],"line":43},"4":{"loc":{"start":{"line":43,"column":22},"end":{"line":43,"column":50}},"type":"binary-expr","locations":[{"start":{"line":43,"column":22},"end":{"line":43,"column":31}},{"start":{"line":43,"column":31},"end":{"line":43,"column":50}}],"line":43},"5":{"loc":{"start":{"line":45,"column":30},"end":{"line":45,"column":41}},"type":"binary-expr","locations":[{"start":{"line":45,"column":30},"end":{"line":45,"column":39}},{"start":{"line":45,"column":39},"end":{"line":45,"column":41}}],"line":45},"6":{"loc":{"start":{"line":49,"column":2},"end":{"line":50,"column":null}},"type":"if","locations":[{"start":{"line":49,"column":2},"end":{"line":50,"column":null}},{"start":{},"end":{}}],"line":49},"7":{"loc":{"start":{"line":53,"column":2},"end":{"line":54,"column":null}},"type":"if","locations":[{"start":{"line":53,"column":2},"end":{"line":54,"column":null}},{"start":{},"end":{}}],"line":53},"8":{"loc":{"start":{"line":57,"column":2},"end":{"line":61,"column":null}},"type":"if","locations":[{"start":{"line":57,"column":2},"end":{"line":61,"column":null}},{"start":{},"end":{}}],"line":57},"9":{"loc":{"start":{"line":60,"column":9},"end":{"line":61,"column":9}},"type":"binary-expr","locations":[{"start":{"line":60,"column":9},"end":{"line":60,"column":25}},{"start":{"line":60,"column":25},"end":{"line":61,"column":9}}],"line":60},"10":{"loc":{"start":{"line":68,"column":71},"end":{"line":68,"column":108}},"type":"cond-expr","locations":[{"start":{"line":68,"column":96},"end":{"line":68,"column":106}},{"start":{"line":68,"column":106},"end":{"line":68,"column":108}}],"line":68},"11":{"loc":{"start":{"line":72,"column":30},"end":{"line":72,"column":44}},"type":"binary-expr","locations":[{"start":{"line":72,"column":30},"end":{"line":72,"column":39}},{"start":{"line":72,"column":39},"end":{"line":72,"column":44}}],"line":72},"12":{"loc":{"start":{"line":73,"column":4},"end":{"line":75,"column":null}},"type":"if","locations":[{"start":{"line":73,"column":4},"end":{"line":75,"column":null}},{"start":{},"end":{}}],"line":73},"13":{"loc":{"start":{"line":73,"column":8},"end":{"line":73,"column":53}},"type":"binary-expr","locations":[{"start":{"line":73,"column":8},"end":{"line":73,"column":35}},{"start":{"line":73,"column":39},"end":{"line":73,"column":53}}],"line":73},"14":{"loc":{"start":{"line":78,"column":81},"end":{"line":78,"column":118}},"type":"cond-expr","locations":[{"start":{"line":78,"column":106},"end":{"line":78,"column":116}},{"start":{"line":78,"column":116},"end":{"line":78,"column":118}}],"line":78},"15":{"loc":{"start":{"line":84,"column":4},"end":{"line":87,"column":null}},"type":"if","locations":[{"start":{"line":84,"column":4},"end":{"line":87,"column":null}},{"start":{},"end":{}}],"line":84},"16":{"loc":{"start":{"line":96,"column":4},"end":{"line":98,"column":null}},"type":"if","locations":[{"start":{"line":96,"column":4},"end":{"line":98,"column":null}},{"start":{},"end":{}}],"line":96},"17":{"loc":{"start":{"line":190,"column":11},"end":{"line":190,"column":null}},"type":"binary-expr","locations":[{"start":{"line":190,"column":11},"end":{"line":190,"column":26}},{"start":{"line":190,"column":26},"end":{"line":190,"column":null}}],"line":190},"18":{"loc":{"start":{"line":191,"column":11},"end":{"line":191,"column":null}},"type":"binary-expr","locations":[{"start":{"line":191,"column":11},"end":{"line":191,"column":27}},{"start":{"line":191,"column":27},"end":{"line":191,"column":null}}],"line":191}},"s":{"0":2,"1":2,"2":64,"3":24,"4":24,"5":24,"6":24,"7":24,"8":24,"9":24,"10":24,"11":11,"12":11,"13":10,"14":8,"15":8,"16":1,"17":1,"18":1,"19":11,"20":11,"21":24,"22":24,"23":22,"24":24,"25":1,"26":23,"27":11,"28":12,"29":3,"30":9,"31":1,"32":1,"33":1,"34":9,"35":1,"36":1,"37":0,"38":0,"39":1,"40":1,"41":1,"42":9,"43":0,"44":0,"45":0,"46":0,"47":0,"48":0,"49":0,"50":0,"51":0,"52":9,"53":0,"54":0,"55":0,"56":0,"57":0,"58":0,"59":0,"60":0,"61":0,"62":0,"63":9,"64":10,"65":1,"66":1,"67":0,"68":0},"f":{"0":64,"1":24,"2":11,"3":10,"4":1,"5":11,"6":22,"7":1,"8":1,"9":1,"10":1,"11":0,"12":0,"13":10,"14":1,"15":1,"16":0,"17":0},"b":{"0":[8,2],"1":[8,0],"2":[1,0],"3":[9,15],"4":[24,13],"5":[22,11],"6":[1,23],"7":[11,12],"8":[3,9],"9":[3,0],"10":[1,0],"11":[1,0],"12":[0,1],"13":[1,1],"14":[1,0],"15":[0,0],"16":[0,0],"17":[9,0],"18":[24,0]},"meta":{"lastBranch":19,"lastFunction":18,"lastStatement":69,"seen":{"s:5:50:9:Infinity":0,"s:11:6:11:83":1,"f:11:6:11:21":0,"s:11:39:11:83":2,"f:13:24:13:38":1,"s:14:16:14:73":3,"s:15:20:15:65":4,"s:16:22:16:69":5,"s:17:21:17:50":6,"s:18:24:18:78":7,"s:19:26:19:60":8,"s:20:23:20:71":9,"s:22:2:41:Infinity":10,"f:22:2:22:18":2,"s:23:17:23:Infinity":11,"s:24:4:37:Infinity":12,"f:26:7:26:13":3,"b:27:8:29:Infinity:undefined:undefined:undefined:undefined":0,"s:27:8:29:Infinity":13,"s:28:10:28:Infinity":14,"b:28:44:28:54:28:54:28:56":1,"s:29:10:29:Infinity":15,"f:32:7:32:19":4,"b:33:8:35:Infinity:undefined:undefined:undefined:undefined":2,"s:33:8:35:Infinity":16,"s:34:10:34:Infinity":17,"s:35:10:35:Infinity":18,"s:38:4:39:Infinity":19,"f:38:4:38:17":5,"s:39:6:39:Infinity":20,"s:43:22:43:Infinity":21,"b:43:50:43:58:43:58:43:Infinity":3,"b:43:22:43:31:43:31:43:50":4,"s:44:8:46:Infinity":22,"f:44:16:44:Infinity":6,"s:44:16:45:70":23,"b:45:30:45:39:45:39:45:41":5,"b:49:2:50:Infinity:undefined:undefined:undefined:undefined":6,"s:49:2:50:Infinity":24,"s:50:4:50:Infinity":25,"b:53:2:54:Infinity:undefined:undefined:undefined:undefined":7,"s:53:2:54:Infinity":26,"s:54:4:54:Infinity":27,"b:57:2:61:Infinity:undefined:undefined:undefined:undefined":8,"s:57:2:61:Infinity":28,"s:58:4:61:Infinity":29,"b:60:9:60:25:60:25:61:9":9,"s:66:8:68:Infinity":30,"f:66:8:66:24":7,"s:67:4:67:Infinity":31,"s:68:4:68:Infinity":32,"f:68:50:68:56":8,"s:68:62:68:109":33,"b:68:96:68:106:68:106:68:108":10,"s:71:8:78:Infinity":34,"f:71:8:71:24":9,"s:72:21:72:47":35,"b:72:30:72:39:72:39:72:44":11,"b:73:4:75:Infinity:undefined:undefined:undefined:undefined":12,"s:73:4:75:Infinity":36,"b:73:8:73:35:73:39:73:53":13,"s:74:6:74:Infinity":37,"s:75:6:75:Infinity":38,"s:77:4:77:Infinity":39,"s:78:4:78:Infinity":40,"f:78:60:78:66":10,"s:78:72:78:119":41,"b:78:106:78:116:78:116:78:118":14,"s:81:8:91:Infinity":42,"f:81:8:81:34":11,"s:82:23:82:54":43,"s:83:19:83:Infinity":44,"b:84:4:87:Infinity:undefined:undefined:undefined:undefined":15,"s:84:4:87:Infinity":45,"s:85:6:85:Infinity":46,"s:86:6:86:Infinity":47,"s:87:6:87:Infinity":48,"s:89:4:89:Infinity":49,"s:90:4:90:Infinity":50,"s:91:4:91:Infinity":51,"s:94:25:114:Infinity":52,"f:94:25:94:37":12,"s:95:4:95:Infinity":53,"b:96:4:98:Infinity:undefined:undefined:undefined:undefined":16,"s:96:4:98:Infinity":54,"s:97:6:97:Infinity":55,"s:98:6:98:Infinity":56,"s:101:4:114:Infinity":57,"s:102:20:109:8":58,"s:110:6:110:Infinity":59,"s:111:6:111:Infinity":60,"s:112:6:112:Infinity":61,"s:114:6:114:Infinity":62,"s:118:2:191:Infinity":63,"f:127:17:127:22":13,"s:128:12:144:Infinity":64,"f:139:16:139:27":14,"s:139:33:139:Infinity":65,"f:141:69:141:84":15,"s:141:84:141:110":66,"f:176:14:176:25":16,"s:176:31:176:Infinity":67,"f:185:12:185:23":17,"s:185:29:185:Infinity":68,"b:190:11:190:26:190:26:190:Infinity":17,"b:191:11:191:27:191:27:191:Infinity":18}}}
,"Z:\\codeKTPM\\KTPM\\frontend\\src\\components\\CheckoutPage.tsx": {"path":"Z:\\codeKTPM\\KTPM\\frontend\\src\\components\\CheckoutPage.tsx","statementMap":{"0":{"start":{"line":28,"column":6},"end":{"line":28,"column":83}},"1":{"start":{"line":28,"column":39},"end":{"line":28,"column":83}},"2":{"start":{"line":31,"column":8},"end":{"line":33,"column":null}},"3":{"start":{"line":32,"column":10},"end":{"line":32,"column":79}},"4":{"start":{"line":32,"column":43},"end":{"line":32,"column":77}},"5":{"start":{"line":35,"column":21},"end":{"line":35,"column":50}},"6":{"start":{"line":36,"column":18},"end":{"line":36,"column":61}},"7":{"start":{"line":37,"column":16},"end":{"line":42,"column":4}},"8":{"start":{"line":44,"column":22},"end":{"line":64,"column":null}},"9":{"start":{"line":45,"column":4},"end":{"line":45,"column":null}},"10":{"start":{"line":46,"column":4},"end":{"line":64,"column":null}},"11":{"start":{"line":47,"column":6},"end":{"line":51,"column":null}},"12":{"start":{"line":48,"column":21},"end":{"line":48,"column":70}},"13":{"start":{"line":49,"column":8},"end":{"line":49,"column":null}},"14":{"start":{"line":50,"column":8},"end":{"line":50,"column":null}},"15":{"start":{"line":51,"column":8},"end":{"line":51,"column":null}},"16":{"start":{"line":54,"column":23},"end":{"line":59,"column":null}},"17":{"start":{"line":55,"column":34},"end":{"line":59,"column":11}},"18":{"start":{"line":61,"column":6},"end":{"line":61,"column":null}},"19":{"start":{"line":63,"column":18},"end":{"line":63,"column":null}},"20":{"start":{"line":64,"column":6},"end":{"line":64,"column":null}},"21":{"start":{"line":68,"column":21},"end":{"line":100,"column":null}},"22":{"start":{"line":69,"column":4},"end":{"line":69,"column":null}},"23":{"start":{"line":70,"column":18},"end":{"line":74,"column":null}},"24":{"start":{"line":71,"column":32},"end":{"line":74,"column":9}},"25":{"start":{"line":77,"column":4},"end":{"line":79,"column":null}},"26":{"start":{"line":78,"column":6},"end":{"line":78,"column":null}},"27":{"start":{"line":79,"column":6},"end":{"line":79,"column":null}},"28":{"start":{"line":82,"column":4},"end":{"line":100,"column":null}},"29":{"start":{"line":83,"column":23},"end":{"line":97,"column":8}},"30":{"start":{"line":85,"column":41},"end":{"line":89,"column":11}},"31":{"start":{"line":98,"column":6},"end":{"line":98,"column":null}},"32":{"start":{"line":100,"column":6},"end":{"line":100,"column":null}},"33":{"start":{"line":104,"column":2},"end":{"line":127,"column":null}},"34":{"start":{"line":116,"column":25},"end":{"line":116,"column":54}}},"fnMap":{"0":{"name":"(anonymous_0)","decl":{"start":{"line":28,"column":6},"end":{"line":28,"column":21}},"loc":{"start":{"line":28,"column":39},"end":{"line":28,"column":83}},"line":28},"1":{"name":"CheckoutPage","decl":{"start":{"line":30,"column":24},"end":{"line":30,"column":37}},"loc":{"start":{"line":30,"column":66},"end":{"line":127,"column":null}},"line":30},"2":{"name":"(anonymous_2)","decl":{"start":{"line":31,"column":26},"end":{"line":31,"column":null}},"loc":{"start":{"line":32,"column":10},"end":{"line":32,"column":79}},"line":32},"3":{"name":"(anonymous_3)","decl":{"start":{"line":32,"column":21},"end":{"line":32,"column":29}},"loc":{"start":{"line":32,"column":43},"end":{"line":32,"column":77}},"line":32},"4":{"name":"(anonymous_4)","decl":{"start":{"line":44,"column":22},"end":{"line":44,"column":34}},"loc":{"start":{"line":44,"column":34},"end":{"line":64,"column":null}},"line":44},"5":{"name":"(anonymous_5)","decl":{"start":{"line":55,"column":19},"end":{"line":55,"column":24}},"loc":{"start":{"line":55,"column":34},"end":{"line":59,"column":11}},"line":55},"6":{"name":"(anonymous_6)","decl":{"start":{"line":68,"column":21},"end":{"line":68,"column":33}},"loc":{"start":{"line":68,"column":33},"end":{"line":100,"column":null}},"line":68},"7":{"name":"(anonymous_7)","decl":{"start":{"line":71,"column":17},"end":{"line":71,"column":22}},"loc":{"start":{"line":71,"column":32},"end":{"line":74,"column":9}},"line":71},"8":{"name":"(anonymous_8)","decl":{"start":{"line":85,"column":26},"end":{"line":85,"column":31}},"loc":{"start":{"line":85,"column":41},"end":{"line":89,"column":11}},"line":85},"9":{"name":"(anonymous_9)","decl":{"start":{"line":116,"column":8},"end":{"line":116,"column":19}},"loc":{"start":{"line":116,"column":25},"end":{"line":116,"column":54}},"line":116}},"branchMap":{"0":{"loc":{"start":{"line":47,"column":6},"end":{"line":51,"column":null}},"type":"if","locations":[{"start":{"line":47,"column":6},"end":{"line":51,"column":null}},{"start":{},"end":{}}],"line":47},"1":{"loc":{"start":{"line":64,"column":17},"end":{"line":64,"column":64}},"type":"binary-expr","locations":[{"start":{"line":64,"column":17},"end":{"line":64,"column":32}},{"start":{"line":64,"column":32},"end":{"line":64,"column":64}}],"line":64},"2":{"loc":{"start":{"line":77,"column":4},"end":{"line":79,"column":null}},"type":"if","locations":[{"start":{"line":77,"column":4},"end":{"line":79,"column":null}},{"start":{},"end":{}}],"line":77},"3":{"loc":{"start":{"line":78,"column":17},"end":{"line":78,"column":53}},"type":"binary-expr","locations":[{"start":{"line":78,"column":17},"end":{"line":78,"column":34}},{"start":{"line":78,"column":34},"end":{"line":78,"column":53}}],"line":78},"4":{"loc":{"start":{"line":98,"column":17},"end":{"line":98,"column":80}},"type":"binary-expr","locations":[{"start":{"line":98,"column":17},"end":{"line":98,"column":37}},{"start":{"line":98,"column":37},"end":{"line":98,"column":80}}],"line":98},"5":{"loc":{"start":{"line":126,"column":7},"end":{"line":126,"column":null}},"type":"binary-expr","locations":[{"start":{"line":126,"column":7},"end":{"line":126,"column":18}},{"start":{"line":126,"column":18},"end":{"line":126,"column":null}}],"line":126}},"s":{"0":1,"1":92,"2":23,"3":6,"4":8,"5":23,"6":23,"7":23,"8":23,"9":4,"10":4,"11":4,"12":3,"13":2,"14":2,"15":2,"16":1,"17":2,"18":1,"19":1,"20":1,"21":23,"22":3,"23":3,"24":4,"25":3,"26":1,"27":1,"28":2,"29":2,"30":3,"31":2,"32":0,"33":23,"34":3},"f":{"0":92,"1":23,"2":6,"3":8,"4":4,"5":2,"6":3,"7":4,"8":3,"9":3},"b":{"0":[3,1],"1":[1,0],"2":[1,2],"3":[1,0],"4":[2,1],"5":[23,10]},"meta":{"lastBranch":6,"lastFunction":10,"lastStatement":35,"seen":{"s:28:6:28:83":0,"f:28:6:28:21":0,"s:28:39:28:83":1,"f:30:24:30:37":1,"s:31:8:33:Infinity":2,"f:31:26:31:Infinity":2,"s:32:10:32:79":3,"f:32:21:32:29":3,"s:32:43:32:77":4,"s:35:21:35:50":5,"s:36:18:36:61":6,"s:37:16:42:4":7,"s:44:22:64:Infinity":8,"f:44:22:44:34":4,"s:45:4:45:Infinity":9,"s:46:4:64:Infinity":10,"b:47:6:51:Infinity:undefined:undefined:undefined:undefined":0,"s:47:6:51:Infinity":11,"s:48:21:48:70":12,"s:49:8:49:Infinity":13,"s:50:8:50:Infinity":14,"s:51:8:51:Infinity":15,"s:54:23:59:Infinity":16,"f:55:19:55:24":5,"s:55:34:59:11":17,"s:61:6:61:Infinity":18,"s:63:18:63:Infinity":19,"s:64:6:64:Infinity":20,"b:64:17:64:32:64:32:64:64":1,"s:68:21:100:Infinity":21,"f:68:21:68:33":6,"s:69:4:69:Infinity":22,"s:70:18:74:Infinity":23,"f:71:17:71:22":7,"s:71:32:74:9":24,"b:77:4:79:Infinity:undefined:undefined:undefined:undefined":2,"s:77:4:79:Infinity":25,"s:78:6:78:Infinity":26,"b:78:17:78:34:78:34:78:53":3,"s:79:6:79:Infinity":27,"s:82:4:100:Infinity":28,"s:83:23:97:8":29,"f:85:26:85:31":8,"s:85:41:89:11":30,"s:98:6:98:Infinity":31,"b:98:17:98:37:98:37:98:80":4,"s:100:6:100:Infinity":32,"s:104:2:127:Infinity":33,"f:116:8:116:19":9,"s:116:25:116:54":34,"b:126:7:126:18:126:18:126:Infinity":5}}}
,"Z:\\codeKTPM\\KTPM\\frontend\\src\\components\\ProductsComponent.tsx": {"path":"Z:\\codeKTPM\\KTPM\\frontend\\src\\components\\ProductsComponent.tsx","statementMap":{"0":{"start":{"line":9,"column":48},"end":{"line":13,"column":null}},"1":{"start":{"line":15,"column":6},"end":{"line":128,"column":null}},"2":{"start":{"line":19,"column":19},"end":{"line":19,"column":69}},"3":{"start":{"line":20,"column":18},"end":{"line":20,"column":46}},"4":{"start":{"line":21,"column":16},"end":{"line":21,"column":57}},"5":{"start":{"line":22,"column":21},"end":{"line":22,"column":77}},"6":{"start":{"line":24,"column":2},"end":{"line":46,"column":null}},"7":{"start":{"line":25,"column":17},"end":{"line":25,"column":null}},"8":{"start":{"line":26,"column":4},"end":{"line":42,"column":null}},"9":{"start":{"line":29,"column":8},"end":{"line":31,"column":null}},"10":{"start":{"line":30,"column":10},"end":{"line":30,"column":null}},"11":{"start":{"line":31,"column":10},"end":{"line":31,"column":null}},"12":{"start":{"line":35,"column":8},"end":{"line":37,"column":null}},"13":{"start":{"line":36,"column":10},"end":{"line":36,"column":null}},"14":{"start":{"line":37,"column":10},"end":{"line":37,"column":null}},"15":{"start":{"line":41,"column":8},"end":{"line":41,"column":null}},"16":{"start":{"line":41,"column":20},"end":{"line":41,"column":null}},"17":{"start":{"line":43,"column":4},"end":{"line":44,"column":null}},"18":{"start":{"line":44,"column":6},"end":{"line":44,"column":null}},"19":{"start":{"line":48,"column":8},"end":{"line":53,"column":null}},"20":{"start":{"line":49,"column":4},"end":{"line":49,"column":null}},"21":{"start":{"line":49,"column":22},"end":{"line":49,"column":null}},"22":{"start":{"line":50,"column":4},"end":{"line":53,"column":null}},"23":{"start":{"line":50,"column":29},"end":{"line":53,"column":7}},"24":{"start":{"line":56,"column":8},"end":{"line":70,"column":null}},"25":{"start":{"line":57,"column":21},"end":{"line":57,"column":null}},"26":{"start":{"line":58,"column":4},"end":{"line":60,"column":null}},"27":{"start":{"line":59,"column":6},"end":{"line":59,"column":null}},"28":{"start":{"line":60,"column":6},"end":{"line":60,"column":null}},"29":{"start":{"line":62,"column":4},"end":{"line":64,"column":null}},"30":{"start":{"line":63,"column":6},"end":{"line":63,"column":null}},"31":{"start":{"line":64,"column":6},"end":{"line":64,"column":null}},"32":{"start":{"line":66,"column":4},"end":{"line":66,"column":null}},"33":{"start":{"line":67,"column":4},"end":{"line":70,"column":null}},"34":{"start":{"line":67,"column":29},"end":{"line":70,"column":7}},"35":{"start":{"line":73,"column":2},"end":{"line":77,"column":null}},"36":{"start":{"line":74,"column":4},"end":{"line":77,"column":null}},"37":{"start":{"line":81,"column":2},"end":{"line":128,"column":null}},"38":{"start":{"line":91,"column":10},"end":{"line":126,"column":null}},"39":{"start":{"line":112,"column":18},"end":{"line":112,"column":81}},"40":{"start":{"line":119,"column":29},"end":{"line":119,"column":53}}},"fnMap":{"0":{"name":"(anonymous_0)","decl":{"start":{"line":15,"column":6},"end":{"line":15,"column":27}},"loc":{"start":{"line":18,"column":30},"end":{"line":128,"column":null}},"line":18},"1":{"name":"(anonymous_1)","decl":{"start":{"line":24,"column":2},"end":{"line":24,"column":18}},"loc":{"start":{"line":24,"column":18},"end":{"line":46,"column":6}},"line":24},"2":{"name":"(anonymous_2)","decl":{"start":{"line":28,"column":7},"end":{"line":28,"column":13}},"loc":{"start":{"line":28,"column":22},"end":{"line":33,"column":null}},"line":28},"3":{"name":"(anonymous_3)","decl":{"start":{"line":34,"column":7},"end":{"line":34,"column":19}},"loc":{"start":{"line":34,"column":19},"end":{"line":39,"column":null}},"line":34},"4":{"name":"(anonymous_4)","decl":{"start":{"line":40,"column":7},"end":{"line":40,"column":21}},"loc":{"start":{"line":40,"column":21},"end":{"line":42,"column":null}},"line":40},"5":{"name":"(anonymous_5)","decl":{"start":{"line":43,"column":4},"end":{"line":43,"column":17}},"loc":{"start":{"line":43,"column":17},"end":{"line":44,"column":null}},"line":43},"6":{"name":"(anonymous_6)","decl":{"start":{"line":48,"column":8},"end":{"line":48,"column":32}},"loc":{"start":{"line":48,"column":72},"end":{"line":53,"column":null}},"line":48},"7":{"name":"(anonymous_7)","decl":{"start":{"line":50,"column":4},"end":{"line":50,"column":19}},"loc":{"start":{"line":50,"column":29},"end":{"line":53,"column":7}},"line":50},"8":{"name":"(anonymous_8)","decl":{"start":{"line":56,"column":8},"end":{"line":56,"column":27}},"loc":{"start":{"line":56,"column":60},"end":{"line":70,"column":null}},"line":56},"9":{"name":"(anonymous_9)","decl":{"start":{"line":67,"column":4},"end":{"line":67,"column":19}},"loc":{"start":{"line":67,"column":29},"end":{"line":70,"column":7}},"line":67},"10":{"name":"(anonymous_10)","decl":{"start":{"line":90,"column":18},"end":{"line":90,"column":23}},"loc":{"start":{"line":91,"column":10},"end":{"line":126,"column":null}},"line":91},"11":{"name":"(anonymous_11)","decl":{"start":{"line":111,"column":16},"end":{"line":111,"column":27}},"loc":{"start":{"line":112,"column":18},"end":{"line":112,"column":81}},"line":112},"12":{"name":"(anonymous_12)","decl":{"start":{"line":119,"column":14},"end":{"line":119,"column":29}},"loc":{"start":{"line":119,"column":29},"end":{"line":119,"column":53}},"line":119}},"branchMap":{"0":{"loc":{"start":{"line":29,"column":8},"end":{"line":31,"column":null}},"type":"if","locations":[{"start":{"line":29,"column":8},"end":{"line":31,"column":null}},{"start":{},"end":{}}],"line":29},"1":{"loc":{"start":{"line":30,"column":22},"end":{"line":30,"column":68}},"type":"cond-expr","locations":[{"start":{"line":30,"column":44},"end":{"line":30,"column":51}},{"start":{"line":30,"column":51},"end":{"line":30,"column":68}}],"line":30},"2":{"loc":{"start":{"line":35,"column":8},"end":{"line":37,"column":null}},"type":"if","locations":[{"start":{"line":35,"column":8},"end":{"line":37,"column":null}},{"start":{},"end":{}}],"line":35},"3":{"loc":{"start":{"line":41,"column":8},"end":{"line":41,"column":null}},"type":"if","locations":[{"start":{"line":41,"column":8},"end":{"line":41,"column":null}},{"start":{},"end":{}}],"line":41},"4":{"loc":{"start":{"line":49,"column":4},"end":{"line":49,"column":null}},"type":"if","locations":[{"start":{"line":49,"column":4},"end":{"line":49,"column":null}},{"start":{},"end":{}}],"line":49},"5":{"loc":{"start":{"line":57,"column":21},"end":{"line":57,"column":null}},"type":"binary-expr","locations":[{"start":{"line":57,"column":21},"end":{"line":57,"column":47}},{"start":{"line":57,"column":47},"end":{"line":57,"column":null}}],"line":57},"6":{"loc":{"start":{"line":58,"column":4},"end":{"line":60,"column":null}},"type":"if","locations":[{"start":{"line":58,"column":4},"end":{"line":60,"column":null}},{"start":{},"end":{}}],"line":58},"7":{"loc":{"start":{"line":62,"column":4},"end":{"line":64,"column":null}},"type":"if","locations":[{"start":{"line":62,"column":4},"end":{"line":64,"column":null}},{"start":{},"end":{}}],"line":62},"8":{"loc":{"start":{"line":73,"column":2},"end":{"line":77,"column":null}},"type":"if","locations":[{"start":{"line":73,"column":2},"end":{"line":77,"column":null}},{"start":{},"end":{}}],"line":73},"9":{"loc":{"start":{"line":87,"column":7},"end":{"line":87,"column":null}},"type":"binary-expr","locations":[{"start":{"line":87,"column":7},"end":{"line":87,"column":16}},{"start":{"line":87,"column":16},"end":{"line":87,"column":null}}],"line":87},"10":{"loc":{"start":{"line":110,"column":23},"end":{"line":110,"column":null}},"type":"binary-expr","locations":[{"start":{"line":110,"column":23},"end":{"line":110,"column":49}},{"start":{"line":110,"column":49},"end":{"line":110,"column":null}}],"line":110},"11":{"loc":{"start":{"line":112,"column":51},"end":{"line":112,"column":81}},"type":"binary-expr","locations":[{"start":{"line":112,"column":51},"end":{"line":112,"column":75}},{"start":{"line":112,"column":79},"end":{"line":112,"column":81}}],"line":112},"12":{"loc":{"start":{"line":124,"column":15},"end":{"line":124,"column":null}},"type":"cond-expr","locations":[{"start":{"line":124,"column":37},"end":{"line":124,"column":50}},{"start":{"line":124,"column":50},"end":{"line":124,"column":null}}],"line":124}},"s":{"0":1,"1":1,"2":20,"3":20,"4":20,"5":20,"6":20,"7":6,"8":6,"9":6,"10":6,"11":6,"12":0,"13":0,"14":0,"15":6,"16":6,"17":6,"18":6,"19":20,"20":2,"21":0,"22":2,"23":2,"24":20,"25":6,"26":6,"27":0,"28":0,"29":6,"30":1,"31":1,"32":5,"33":6,"34":5,"35":20,"36":6,"37":14,"38":14,"39":2,"40":6},"f":{"0":20,"1":6,"2":6,"3":0,"4":6,"5":6,"6":2,"7":2,"8":6,"9":5,"10":14,"11":2,"12":6},"b":{"0":[6,0],"1":[6,0],"2":[0,0],"3":[6,0],"4":[0,2],"5":[6,4],"6":[0,6],"7":[1,5],"8":[6,14],"9":[14,1],"10":[14,11],"11":[2,0],"12":[0,14]},"meta":{"lastBranch":13,"lastFunction":13,"lastStatement":41,"seen":{"s:9:48:13:Infinity":0,"s:15:6:128:Infinity":1,"f:15:6:15:27":0,"s:19:19:19:69":2,"s:20:18:20:46":3,"s:21:16:21:57":4,"s:22:21:22:77":5,"s:24:2:46:Infinity":6,"f:24:2:24:18":1,"s:25:17:25:Infinity":7,"s:26:4:42:Infinity":8,"f:28:7:28:13":2,"b:29:8:31:Infinity:undefined:undefined:undefined:undefined":0,"s:29:8:31:Infinity":9,"s:30:10:30:Infinity":10,"b:30:44:30:51:30:51:30:68":1,"s:31:10:31:Infinity":11,"f:34:7:34:19":3,"b:35:8:37:Infinity:undefined:undefined:undefined:undefined":2,"s:35:8:37:Infinity":12,"s:36:10:36:Infinity":13,"s:37:10:37:Infinity":14,"f:40:7:40:21":4,"b:41:8:41:Infinity:undefined:undefined:undefined:undefined":3,"s:41:8:41:Infinity":15,"s:41:20:41:Infinity":16,"s:43:4:44:Infinity":17,"f:43:4:43:17":5,"s:44:6:44:Infinity":18,"s:48:8:53:Infinity":19,"f:48:8:48:32":6,"b:49:4:49:Infinity:undefined:undefined:undefined:undefined":4,"s:49:4:49:Infinity":20,"s:49:22:49:Infinity":21,"s:50:4:53:Infinity":22,"f:50:4:50:19":7,"s:50:29:53:7":23,"s:56:8:70:Infinity":24,"f:56:8:56:27":8,"s:57:21:57:Infinity":25,"b:57:21:57:47:57:47:57:Infinity":5,"b:58:4:60:Infinity:undefined:undefined:undefined:undefined":6,"s:58:4:60:Infinity":26,"s:59:6:59:Infinity":27,"s:60:6:60:Infinity":28,"b:62:4:64:Infinity:undefined:undefined:undefined:undefined":7,"s:62:4:64:Infinity":29,"s:63:6:63:Infinity":30,"s:64:6:64:Infinity":31,"s:66:4:66:Infinity":32,"s:67:4:70:Infinity":33,"f:67:4:67:19":9,"s:67:29:70:7":34,"b:73:2:77:Infinity:undefined:undefined:undefined:undefined":8,"s:73:2:77:Infinity":35,"s:74:4:77:Infinity":36,"s:81:2:128:Infinity":37,"b:87:7:87:16:87:16:87:Infinity":9,"f:90:18:90:23":10,"s:91:10:126:Infinity":38,"b:110:23:110:49:110:49:110:Infinity":10,"f:111:16:111:27":11,"s:112:18:112:81":39,"b:112:51:112:75:112:79:112:81":11,"f:119:14:119:29":12,"s:119:29:119:53":40,"b:124:37:124:50:124:50:124:Infinity":12}}}
,"Z:\\codeKTPM\\KTPM\\frontend\\src\\services\\cartService.ts": {"path":"Z:\\codeKTPM\\KTPM\\frontend\\src\\services\\cartService.ts","statementMap":{"0":{"start":{"line":3,"column":20},"end":{"line":4,"column":null}},"1":{"start":{"line":22,"column":15},"end":{"line":22,"column":73}},"2":{"start":{"line":23,"column":2},"end":{"line":23,"column":null}},"3":{"start":{"line":27,"column":15},"end":{"line":30,"column":null}},"4":{"start":{"line":32,"column":2},"end":{"line":32,"column":null}},"5":{"start":{"line":36,"column":15},"end":{"line":36,"column":79}},"6":{"start":{"line":37,"column":2},"end":{"line":37,"column":null}},"7":{"start":{"line":41,"column":15},"end":{"line":41,"column":95}},"8":{"start":{"line":42,"column":2},"end":{"line":42,"column":null}},"9":{"start":{"line":46,"column":15},"end":{"line":46,"column":109}},"10":{"start":{"line":47,"column":2},"end":{"line":47,"column":null}},"11":{"start":{"line":58,"column":15},"end":{"line":58,"column":81}},"12":{"start":{"line":59,"column":2},"end":{"line":59,"column":null}}},"fnMap":{"0":{"name":"getProducts","decl":{"start":{"line":21,"column":22},"end":{"line":21,"column":36}},"loc":{"start":{"line":21,"column":36},"end":{"line":23,"column":null}},"line":21},"1":{"name":"addToCart","decl":{"start":{"line":26,"column":22},"end":{"line":26,"column":32}},"loc":{"start":{"line":26,"column":85},"end":{"line":32,"column":null}},"line":26},"2":{"name":"getCart","decl":{"start":{"line":35,"column":22},"end":{"line":35,"column":30}},"loc":{"start":{"line":35,"column":46},"end":{"line":37,"column":null}},"line":35},"3":{"name":"removeFromCart","decl":{"start":{"line":40,"column":22},"end":{"line":40,"column":37}},"loc":{"start":{"line":40,"column":72},"end":{"line":42,"column":null}},"line":40},"4":{"name":"updateQuantity","decl":{"start":{"line":45,"column":22},"end":{"line":45,"column":37}},"loc":{"start":{"line":45,"column":90},"end":{"line":47,"column":null}},"line":45},"5":{"name":"createOrder","decl":{"start":{"line":50,"column":22},"end":{"line":50,"column":34}},"loc":{"start":{"line":57,"column":3},"end":{"line":59,"column":null}},"line":57}},"branchMap":{},"s":{"0":2,"1":0,"2":0,"3":0,"4":0,"5":0,"6":0,"7":0,"8":0,"9":0,"10":0,"11":0,"12":0},"f":{"0":0,"1":0,"2":0,"3":0,"4":0,"5":0},"b":{},"meta":{"lastBranch":0,"lastFunction":6,"lastStatement":13,"seen":{"s:3:20:4:Infinity":0,"f:21:22:21:36":0,"s:22:15:22:73":1,"s:23:2:23:Infinity":2,"f:26:22:26:32":1,"s:27:15:30:Infinity":3,"s:32:2:32:Infinity":4,"f:35:22:35:30":2,"s:36:15:36:79":5,"s:37:2:37:Infinity":6,"f:40:22:40:37":3,"s:41:15:41:95":7,"s:42:2:42:Infinity":8,"f:45:22:45:37":4,"s:46:15:46:109":9,"s:47:2:47:Infinity":10,"f:50:22:50:34":5,"s:58:15:58:81":11,"s:59:2:59:Infinity":12}}}
,"Z:\\codeKTPM\\KTPM\\frontend\\src\\services\\inventoryService.ts": {"path":"Z:\\codeKTPM\\KTPM\\frontend\\src\\services\\inventoryService.ts","statementMap":{"0":{"start":{"line":3,"column":20},"end":{"line":4,"column":null}},"1":{"start":{"line":18,"column":15},"end":{"line":18,"column":92}},"2":{"start":{"line":19,"column":2},"end":{"line":19,"column":null}}},"fnMap":{"0":{"name":"checkStock","decl":{"start":{"line":17,"column":22},"end":{"line":17,"column":33}},"loc":{"start":{"line":17,"column":65},"end":{"line":19,"column":null}},"line":17}},"branchMap":{},"s":{"0":1,"1":0,"2":0},"f":{"0":0},"b":{},"meta":{"lastBranch":0,"lastFunction":1,"lastStatement":3,"seen":{"s:3:20:4:Infinity":0,"f:17:22:17:33":0,"s:18:15:18:92":1,"s:19:2:19:Infinity":2}}}
,"Z:\\codeKTPM\\KTPM\\frontend\\src\\services\\orderService.ts": {"path":"Z:\\codeKTPM\\KTPM\\frontend\\src\\services\\orderService.ts","statementMap":{"0":{"start":{"line":3,"column":20},"end":{"line":4,"column":null}},"1":{"start":{"line":42,"column":15},"end":{"line":42,"column":81}},"2":{"start":{"line":43,"column":2},"end":{"line":43,"column":null}},"3":{"start":{"line":47,"column":15},"end":{"line":47,"column":89}},"4":{"start":{"line":48,"column":2},"end":{"line":48,"column":null}},"5":{"start":{"line":52,"column":15},"end":{"line":52,"column":89}},"6":{"start":{"line":53,"column":2},"end":{"line":53,"column":null}}},"fnMap":{"0":{"name":"createOrder","decl":{"start":{"line":41,"column":22},"end":{"line":41,"column":34}},"loc":{"start":{"line":41,"column":57},"end":{"line":43,"column":null}},"line":41},"1":{"name":"applyCoupon","decl":{"start":{"line":46,"column":22},"end":{"line":46,"column":34}},"loc":{"start":{"line":46,"column":48},"end":{"line":48,"column":null}},"line":46},"2":{"name":"calculatePrice","decl":{"start":{"line":51,"column":22},"end":{"line":51,"column":37}},"loc":{"start":{"line":51,"column":57},"end":{"line":53,"column":null}},"line":51}},"branchMap":{},"s":{"0":1,"1":0,"2":0,"3":0,"4":0,"5":0,"6":0},"f":{"0":0,"1":0,"2":0},"b":{},"meta":{"lastBranch":0,"lastFunction":3,"lastStatement":7,"seen":{"s:3:20:4:Infinity":0,"f:41:22:41:34":0,"s:42:15:42:81":1,"s:43:2:43:Infinity":2,"f:46:22:46:34":1,"s:47:15:47:89":3,"s:48:2:48:Infinity":4,"f:51:22:51:37":2,"s:52:15:52:89":5,"s:53:2:53:Infinity":6}}}
,"Z:\\codeKTPM\\KTPM\\frontend\\src\\utils\\cartValidation.ts": {"path":"Z:\\codeKTPM\\KTPM\\frontend\\src\\utils\\cartValidation.ts","statementMap":{"0":{"start":{"line":15,"column":2},"end":{"line":16,"column":null}},"1":{"start":{"line":16,"column":4},"end":{"line":16,"column":null}},"2":{"start":{"line":20,"column":2},"end":{"line":21,"column":null}},"3":{"start":{"line":21,"column":4},"end":{"line":21,"column":null}},"4":{"start":{"line":25,"column":2},"end":{"line":26,"column":null}},"5":{"start":{"line":26,"column":4},"end":{"line":26,"column":null}},"6":{"start":{"line":30,"column":2},"end":{"line":31,"column":null}},"7":{"start":{"line":31,"column":4},"end":{"line":31,"column":null}},"8":{"start":{"line":35,"column":2},"end":{"line":36,"column":null}},"9":{"start":{"line":36,"column":4},"end":{"line":36,"column":null}},"10":{"start":{"line":39,"column":2},"end":{"line":39,"column":null}},"11":{"start":{"line":57,"column":19},"end":{"line":57,"column":83}},"12":{"start":{"line":57,"column":47},"end":{"line":57,"column":81}},"13":{"start":{"line":60,"column":17},"end":{"line":60,"column":null}},"14":{"start":{"line":61,"column":2},"end":{"line":64,"column":null}},"15":{"start":{"line":62,"column":4},"end":{"line":62,"column":null}},"16":{"start":{"line":63,"column":13},"end":{"line":64,"column":null}},"17":{"start":{"line":64,"column":4},"end":{"line":64,"column":null}},"18":{"start":{"line":68,"column":2},"end":{"line":68,"column":null}},"19":{"start":{"line":71,"column":16},"end":{"line":71,"column":null}},"20":{"start":{"line":73,"column":2},"end":{"line":79,"column":null}},"21":{"start":{"line":85,"column":2},"end":{"line":90,"column":null}},"22":{"start":{"line":86,"column":4},"end":{"line":90,"column":null}},"23":{"start":{"line":87,"column":6},"end":{"line":90,"column":null}},"24":{"start":{"line":93,"column":2},"end":{"line":93,"column":null}}},"fnMap":{"0":{"name":"validateCartItem","decl":{"start":{"line":13,"column":16},"end":{"line":13,"column":33}},"loc":{"start":{"line":13,"column":67},"end":{"line":39,"column":null}},"line":13},"1":{"name":"calculateCartTotal","decl":{"start":{"line":50,"column":16},"end":{"line":50,"column":null}},"loc":{"start":{"line":55,"column":13},"end":{"line":79,"column":null}},"line":55},"2":{"name":"(anonymous_2)","decl":{"start":{"line":57,"column":25},"end":{"line":57,"column":33}},"loc":{"start":{"line":57,"column":47},"end":{"line":57,"column":81}},"line":57},"3":{"name":"checkInventoryAvailability","decl":{"start":{"line":82,"column":16},"end":{"line":82,"column":null}},"loc":{"start":{"line":84,"column":44},"end":{"line":93,"column":null}},"line":84}},"branchMap":{"0":{"loc":{"start":{"line":15,"column":2},"end":{"line":16,"column":null}},"type":"if","locations":[{"start":{"line":15,"column":2},"end":{"line":16,"column":null}},{"start":{},"end":{}}],"line":15},"1":{"loc":{"start":{"line":15,"column":6},"end":{"line":15,"column":55}},"type":"binary-expr","locations":[{"start":{"line":15,"column":6},"end":{"line":15,"column":25}},{"start":{"line":15,"column":25},"end":{"line":15,"column":55}}],"line":15},"2":{"loc":{"start":{"line":20,"column":2},"end":{"line":21,"column":null}},"type":"if","locations":[{"start":{"line":20,"column":2},"end":{"line":21,"column":null}},{"start":{},"end":{}}],"line":20},"3":{"loc":{"start":{"line":20,"column":6},"end":{"line":20,"column":61}},"type":"binary-expr","locations":[{"start":{"line":20,"column":6},"end":{"line":20,"column":32}},{"start":{"line":20,"column":32},"end":{"line":20,"column":61}}],"line":20},"4":{"loc":{"start":{"line":25,"column":2},"end":{"line":26,"column":null}},"type":"if","locations":[{"start":{"line":25,"column":2},"end":{"line":26,"column":null}},{"start":{},"end":{}}],"line":25},"5":{"loc":{"start":{"line":30,"column":2},"end":{"line":31,"column":null}},"type":"if","locations":[{"start":{"line":30,"column":2},"end":{"line":31,"column":null}},{"start":{},"end":{}}],"line":30},"6":{"loc":{"start":{"line":35,"column":2},"end":{"line":36,"column":null}},"type":"if","locations":[{"start":{"line":35,"column":2},"end":{"line":36,"column":null}},{"start":{},"end":{}}],"line":35},"7":{"loc":{"start":{"line":54,"column":2},"end":{"line":54,"column":null}},"type":"default-arg","locations":[{"start":{"line":54,"column":21},"end":{"line":54,"column":null}}],"line":54},"8":{"loc":{"start":{"line":61,"column":2},"end":{"line":64,"column":null}},"type":"if","locations":[{"start":{"line":61,"column":2},"end":{"line":64,"column":null}},{"start":{"line":63,"column":13},"end":{"line":64,"column":null}}],"line":61},"9":{"loc":{"start":{"line":63,"column":13},"end":{"line":64,"column":null}},"type":"if","locations":[{"start":{"line":63,"column":13},"end":{"line":64,"column":null}},{"start":{},"end":{}}],"line":63},"10":{"loc":{"start":{"line":86,"column":4},"end":{"line":90,"column":null}},"type":"if","locations":[{"start":{"line":86,"column":4},"end":{"line":90,"column":null}},{"start":{},"end":{}}],"line":86}},"s":{"0":10,"1":1,"2":9,"3":2,"4":7,"5":2,"6":5,"7":1,"8":4,"9":1,"10":3,"11":7,"12":7,"13":7,"14":7,"15":2,"16":5,"17":2,"18":7,"19":7,"20":7,"21":3,"22":3,"23":1,"24":2},"f":{"0":10,"1":7,"2":7,"3":3},"b":{"0":[1,9],"1":[10,9],"2":[2,7],"3":[9,8],"4":[2,5],"5":[1,4],"6":[1,3],"7":[7],"8":[2,5],"9":[2,3],"10":[1,2]},"meta":{"lastBranch":11,"lastFunction":4,"lastStatement":25,"seen":{"f:13:16:13:33":0,"b:15:2:16:Infinity:undefined:undefined:undefined:undefined":0,"s:15:2:16:Infinity":0,"b:15:6:15:25:15:25:15:55":1,"s:16:4:16:Infinity":1,"b:20:2:21:Infinity:undefined:undefined:undefined:undefined":2,"s:20:2:21:Infinity":2,"b:20:6:20:32:20:32:20:61":3,"s:21:4:21:Infinity":3,"b:25:2:26:Infinity:undefined:undefined:undefined:undefined":4,"s:25:2:26:Infinity":4,"s:26:4:26:Infinity":5,"b:30:2:31:Infinity:undefined:undefined:undefined:undefined":5,"s:30:2:31:Infinity":6,"s:31:4:31:Infinity":7,"b:35:2:36:Infinity:undefined:undefined:undefined:undefined":6,"s:35:2:36:Infinity":8,"s:36:4:36:Infinity":9,"s:39:2:39:Infinity":10,"f:50:16:50:Infinity":1,"b:54:21:54:Infinity":7,"s:57:19:57:83":11,"f:57:25:57:33":2,"s:57:47:57:81":12,"s:60:17:60:Infinity":13,"b:61:2:64:Infinity:63:13:64:Infinity":8,"s:61:2:64:Infinity":14,"s:62:4:62:Infinity":15,"b:63:13:64:Infinity:undefined:undefined:undefined:undefined":9,"s:63:13:64:Infinity":16,"s:64:4:64:Infinity":17,"s:68:2:68:Infinity":18,"s:71:16:71:Infinity":19,"s:73:2:79:Infinity":20,"f:82:16:82:Infinity":3,"s:85:2:90:Infinity":21,"b:86:4:90:Infinity:undefined:undefined:undefined:undefined":10,"s:86:4:90:Infinity":22,"s:87:6:90:Infinity":23,"s:93:2:93:Infinity":24}}}
,"Z:\\codeKTPM\\KTPM\\frontend\\src\\utils\\priceCalculation.ts": {"path":"Z:\\codeKTPM\\KTPM\\frontend\\src\\utils\\priceCalculation.ts","statementMap":{"0":{"start":{"line":28,"column":19},"end":{"line":28,"column":83}},"1":{"start":{"line":28,"column":47},"end":{"line":28,"column":81}},"2":{"start":{"line":31,"column":17},"end":{"line":31,"column":null}},"3":{"start":{"line":32,"column":2},"end":{"line":36,"column":null}},"4":{"start":{"line":33,"column":4},"end":{"line":36,"column":null}},"5":{"start":{"line":34,"column":6},"end":{"line":34,"column":null}},"6":{"start":{"line":35,"column":15},"end":{"line":36,"column":null}},"7":{"start":{"line":36,"column":6},"end":{"line":36,"column":null}},"8":{"start":{"line":41,"column":2},"end":{"line":41,"column":null}},"9":{"start":{"line":44,"column":16},"end":{"line":44,"column":null}},"10":{"start":{"line":46,"column":2},"end":{"line":51,"column":null}},"11":{"start":{"line":59,"column":2},"end":{"line":63,"column":null}},"12":{"start":{"line":60,"column":4},"end":{"line":63,"column":null}},"13":{"start":{"line":67,"column":2},"end":{"line":73,"column":null}},"14":{"start":{"line":68,"column":23},"end":{"line":68,"column":50}},"15":{"start":{"line":69,"column":4},"end":{"line":73,"column":null}},"16":{"start":{"line":70,"column":6},"end":{"line":73,"column":null}},"17":{"start":{"line":77,"column":2},"end":{"line":77,"column":null}},"18":{"start":{"line":83,"column":22},"end":{"line":85,"column":34}},"19":{"start":{"line":84,"column":22},"end":{"line":84,"column":49}},"20":{"start":{"line":85,"column":19},"end":{"line":85,"column":34}},"21":{"start":{"line":87,"column":2},"end":{"line":91,"column":null}},"22":{"start":{"line":88,"column":4},"end":{"line":91,"column":null}},"23":{"start":{"line":94,"column":2},"end":{"line":94,"column":null}}},"fnMap":{"0":{"name":"calculateOrderPrice","decl":{"start":{"line":22,"column":16},"end":{"line":22,"column":null}},"loc":{"start":{"line":26,"column":14},"end":{"line":51,"column":null}},"line":26},"1":{"name":"(anonymous_1)","decl":{"start":{"line":28,"column":25},"end":{"line":28,"column":33}},"loc":{"start":{"line":28,"column":47},"end":{"line":28,"column":81}},"line":28},"2":{"name":"validateCoupon","decl":{"start":{"line":54,"column":16},"end":{"line":54,"column":null}},"loc":{"start":{"line":57,"column":40},"end":{"line":77,"column":null}},"line":57},"3":{"name":"checkInventoryAvailabilityForOrder","decl":{"start":{"line":80,"column":16},"end":{"line":80,"column":null}},"loc":{"start":{"line":82,"column":58},"end":{"line":94,"column":null}},"line":82},"4":{"name":"(anonymous_4)","decl":{"start":{"line":84,"column":5},"end":{"line":84,"column":13}},"loc":{"start":{"line":84,"column":22},"end":{"line":84,"column":49}},"line":84},"5":{"name":"(anonymous_5)","decl":{"start":{"line":85,"column":5},"end":{"line":85,"column":10}},"loc":{"start":{"line":85,"column":19},"end":{"line":85,"column":34}},"line":85}},"branchMap":{"0":{"loc":{"start":{"line":25,"column":2},"end":{"line":25,"column":null}},"type":"default-arg","locations":[{"start":{"line":25,"column":21},"end":{"line":25,"column":null}}],"line":25},"1":{"loc":{"start":{"line":32,"column":2},"end":{"line":36,"column":null}},"type":"if","locations":[{"start":{"line":32,"column":2},"end":{"line":36,"column":null}},{"start":{},"end":{}}],"line":32},"2":{"loc":{"start":{"line":33,"column":4},"end":{"line":36,"column":null}},"type":"if","locations":[{"start":{"line":33,"column":4},"end":{"line":36,"column":null}},{"start":{"line":35,"column":15},"end":{"line":36,"column":null}}],"line":33},"3":{"loc":{"start":{"line":35,"column":15},"end":{"line":36,"column":null}},"type":"if","locations":[{"start":{"line":35,"column":15},"end":{"line":36,"column":null}},{"start":{},"end":{}}],"line":35},"4":{"loc":{"start":{"line":59,"column":2},"end":{"line":63,"column":null}},"type":"if","locations":[{"start":{"line":59,"column":2},"end":{"line":63,"column":null}},{"start":{},"end":{}}],"line":59},"5":{"loc":{"start":{"line":59,"column":6},"end":{"line":59,"column":65}},"type":"binary-expr","locations":[{"start":{"line":59,"column":6},"end":{"line":59,"column":30}},{"start":{"line":59,"column":30},"end":{"line":59,"column":65}}],"line":59},"6":{"loc":{"start":{"line":67,"column":2},"end":{"line":73,"column":null}},"type":"if","locations":[{"start":{"line":67,"column":2},"end":{"line":73,"column":null}},{"start":{},"end":{}}],"line":67},"7":{"loc":{"start":{"line":69,"column":4},"end":{"line":73,"column":null}},"type":"if","locations":[{"start":{"line":69,"column":4},"end":{"line":73,"column":null}},{"start":{},"end":{}}],"line":69},"8":{"loc":{"start":{"line":87,"column":2},"end":{"line":91,"column":null}},"type":"if","locations":[{"start":{"line":87,"column":2},"end":{"line":91,"column":null}},{"start":{},"end":{}}],"line":87}},"s":{"0":31,"1":19,"2":31,"3":31,"4":6,"5":4,"6":2,"7":2,"8":31,"9":31,"10":31,"11":4,"12":1,"13":3,"14":2,"15":2,"16":1,"17":2,"18":4,"19":7,"20":3,"21":4,"22":2,"23":2},"f":{"0":31,"1":19,"2":4,"3":4,"4":7,"5":3},"b":{"0":[31],"1":[6,25],"2":[4,2],"3":[2,0],"4":[1,3],"5":[4,1],"6":[2,1],"7":[1,1],"8":[2,2]},"meta":{"lastBranch":9,"lastFunction":6,"lastStatement":24,"seen":{"f:22:16:22:Infinity":0,"b:25:21:25:Infinity":0,"s:28:19:28:83":0,"f:28:25:28:33":1,"s:28:47:28:81":1,"s:31:17:31:Infinity":2,"b:32:2:36:Infinity:undefined:undefined:undefined:undefined":1,"s:32:2:36:Infinity":3,"b:33:4:36:Infinity:35:15:36:Infinity":2,"s:33:4:36:Infinity":4,"s:34:6:34:Infinity":5,"b:35:15:36:Infinity:undefined:undefined:undefined:undefined":3,"s:35:15:36:Infinity":6,"s:36:6:36:Infinity":7,"s:41:2:41:Infinity":8,"s:44:16:44:Infinity":9,"s:46:2:51:Infinity":10,"f:54:16:54:Infinity":2,"b:59:2:63:Infinity:undefined:undefined:undefined:undefined":4,"s:59:2:63:Infinity":11,"b:59:6:59:30:59:30:59:65":5,"s:60:4:63:Infinity":12,"b:67:2:73:Infinity:undefined:undefined:undefined:undefined":6,"s:67:2:73:Infinity":13,"s:68:23:68:50":14,"b:69:4:73:Infinity:undefined:undefined:undefined:undefined":7,"s:69:4:73:Infinity":15,"s:70:6:73:Infinity":16,"s:77:2:77:Infinity":17,"f:80:16:80:Infinity":3,"s:83:22:85:34":18,"f:84:5:84:13":4,"s:84:22:84:49":19,"f:85:5:85:10":5,"s:85:19:85:34":20,"b:87:2:91:Infinity:undefined:undefined:undefined:undefined":8,"s:87:2:91:Infinity":21,"s:88:4:91:Infinity":22,"s:94:2:94:Infinity":23}}}
}
